This file contains any messages produced by compilers while
running configure, to aid debugging if configure makes a mistake.

It was created by libantlr3c configure 3.4-beta3, which was
generated by GNU Autoconf 2.68.  Invocation command line was

  $ ./configure --prefix=/home/rdp/sipvg --sysconfdir=/etc --host=arm-none-linux-gnueabi --disable-abiflags --disable-antlrdebug

## --------- ##
## Platform. ##
## --------- ##

hostname = ubuntu
uname -m = x86_64
uname -r = 3.2.0-23-generic
uname -s = Linux
uname -v = #36-Ubuntu SMP Tue Apr 10 20:39:51 UTC 2012

/usr/bin/uname -p = unknown
/bin/uname -X     = unknown

/bin/arch              = unknown
/usr/bin/arch -k       = unknown
/usr/convex/getsysinfo = unknown
/usr/bin/hostinfo      = unknown
/bin/machine           = unknown
/usr/bin/oslevel       = unknown
/bin/universe          = unknown

PATH: /home/rdp/bin
PATH: /usr/local/sbin
PATH: /usr/local/bin
PATH: /usr/sbin
PATH: /usr/bin
PATH: /sbin
PATH: /bin
PATH: /usr/games
PATH: /home/rdp/bin
PATH: /home/rdp/work/project/dm3730/arm-2009q1/bin


## ----------- ##
## Core tests. ##
## ----------- ##

configure:2433: checking for a BSD-compatible install
configure:2501: result: /usr/bin/install -c
configure:2512: checking whether build environment is sane
configure:2562: result: yes
configure:2611: checking for arm-none-linux-gnueabi-strip
configure:2627: found /home/rdp/work/project/dm3730/arm-2009q1/bin/arm-none-linux-gnueabi-strip
configure:2638: result: arm-none-linux-gnueabi-strip
configure:2703: checking for a thread-safe mkdir -p
configure:2742: result: /bin/mkdir -p
configure:2755: checking for gawk
configure:2771: found /usr/bin/gawk
configure:2782: result: gawk
configure:2793: checking whether make sets $(MAKE)
configure:2815: result: yes
configure:2911: checking for arm-none-linux-gnueabi-xlc
configure:2941: result: no
configure:2911: checking for arm-none-linux-gnueabi-aCC
configure:2941: result: no
configure:2911: checking for arm-none-linux-gnueabi-gcc
configure:2927: found /home/rdp/work/project/dm3730/arm-2009q1/bin/arm-none-linux-gnueabi-gcc
configure:2938: result: arm-none-linux-gnueabi-gcc
configure:3013: checking for C compiler version
configure:3022: arm-none-linux-gnueabi-gcc --version >&5
arm-none-linux-gnueabi-gcc (Sourcery G++ Lite 2009q1-203) 4.3.3
Copyright (C) 2008 Free Software Foundation, Inc.
This is free software; see the source for copying conditions.  There is NO
warranty; not even for MERCHANTABILITY or FITNESS FOR A PARTICULAR PURPOSE.

configure:3033: $? = 0
configure:3022: arm-none-linux-gnueabi-gcc -v >&5
Using built-in specs.
Target: arm-none-linux-gnueabi
Configured with: /scratch/mitchell/builds/4.3-arm-none-linux-gnueabi-respin/src/gcc-4.3/configure --build=i686-pc-linux-gnu --host=i686-pc-linux-gnu --target=arm-none-linux-gnueabi --enable-threads --disable-libmudflap --disable-libssp --disable-libstdcxx-pch --with-gnu-as --with-gnu-ld --with-specs='%{funwind-tables|fno-unwind-tables|mabi=*|ffreestanding|nostdlib:;:-funwind-tables}' --enable-languages=c,c++ --enable-shared --enable-symvers=gnu --enable-__cxa_atexit --with-pkgversion='Sourcery G++ Lite 2009q1-203' --with-bugurl=https://support.codesourcery.com/GNUToolchain/ --disable-nls --prefix=/opt/codesourcery --with-sysroot=/opt/codesourcery/arm-none-linux-gnueabi/libc --with-build-sysroot=/scratch/mitchell/builds/4.3-arm-none-linux-gnueabi-respin/lite/install/arm-none-linux-gnueabi/libc --with-gmp=/scratch/mitchell/builds/4.3-arm-none-linux-gnueabi-respin/lite/obj/host-libs-2009q1-203-arm-none-linux-gnueabi-i686-pc-linux-gnu/usr --with-mpfr=/scratch/mitchell/builds/4.3-arm-none-linux-gnueabi-respin/lite/obj/host-libs-2009q1-203-arm-none-linux-gnueabi-i686-pc-linux-gnu/usr --disable-libgomp --enable-poison-system-directories --with-build-time-tools=/scratch/mitchell/builds/4.3-arm-none-linux-gnueabi-respin/lite/install/arm-none-linux-gnueabi/bin --with-build-time-tools=/scratch/mitchell/builds/4.3-arm-none-linux-gnueabi-respin/lite/install/arm-none-linux-gnueabi/bin
Thread model: posix
gcc version 4.3.3 (Sourcery G++ Lite 2009q1-203) 
configure:3033: $? = 0
configure:3022: arm-none-linux-gnueabi-gcc -V >&5
arm-none-linux-gnueabi-gcc: '-V' option must have argument
configure:3033: $? = 1
configure:3022: arm-none-linux-gnueabi-gcc -qversion >&5
arm-none-linux-gnueabi-gcc: unrecognized option '-qversion'
arm-none-linux-gnueabi-gcc: no input files
configure:3033: $? = 1
configure:3053: checking whether the C compiler works
configure:3075: arm-none-linux-gnueabi-gcc    conftest.c  >&5
configure:3079: $? = 0
configure:3127: result: yes
configure:3130: checking for C compiler default output file name
configure:3132: result: a.out
configure:3138: checking for suffix of executables
configure:3145: arm-none-linux-gnueabi-gcc -o conftest    conftest.c  >&5
configure:3149: $? = 0
configure:3171: result: 
configure:3193: checking whether we are cross compiling
configure:3201: arm-none-linux-gnueabi-gcc -o conftest    conftest.c  >&5
configure:3205: $? = 0
configure:3212: ./conftest
./configure: line 3214: ./conftest: cannot execute binary file
configure:3216: $? = 126
configure:3231: result: yes
configure:3236: checking for suffix of object files
configure:3258: arm-none-linux-gnueabi-gcc -c   conftest.c >&5
configure:3262: $? = 0
configure:3283: result: o
configure:3287: checking whether we are using the GNU C compiler
configure:3306: arm-none-linux-gnueabi-gcc -c   conftest.c >&5
configure:3306: $? = 0
configure:3315: result: yes
configure:3324: checking whether arm-none-linux-gnueabi-gcc accepts -g
configure:3344: arm-none-linux-gnueabi-gcc -c -g  conftest.c >&5
configure:3344: $? = 0
configure:3385: result: yes
configure:3402: checking for arm-none-linux-gnueabi-gcc option to accept ISO C89
configure:3466: arm-none-linux-gnueabi-gcc  -c -g -O2  conftest.c >&5
configure:3466: $? = 0
configure:3479: result: none needed
configure:3510: checking for style of include used by make
configure:3538: result: GNU
configure:3564: checking dependency style of arm-none-linux-gnueabi-gcc
configure:3675: result: gcc3
configure:3691: checking whether to enable maintainer-specific portions of Makefiles
configure:3700: result: no
configure:3742: checking build system type
configure:3756: result: x86_64-unknown-linux-gnu
configure:3776: checking host system type
configure:3789: result: arm-none-linux-gnueabi
configure:3830: checking how to print strings
configure:3857: result: printf
configure:3878: checking for a sed that does not truncate output
configure:3942: result: /bin/sed
configure:3960: checking for grep that handles long lines and -e
configure:4018: result: /bin/grep
configure:4023: checking for egrep
configure:4085: result: /bin/grep -E
configure:4090: checking for fgrep
configure:4152: result: /bin/grep -F
configure:4187: checking for ld used by arm-none-linux-gnueabi-gcc
configure:4254: result: /home/rdp/work/project/dm3730/arm-2009q1/arm-none-linux-gnueabi/bin/ld
configure:4261: checking if the linker (/home/rdp/work/project/dm3730/arm-2009q1/arm-none-linux-gnueabi/bin/ld) is GNU ld
configure:4276: result: yes
configure:4288: checking for BSD- or MS-compatible name lister (nm)
configure:4337: result: /home/rdp/work/project/dm3730/arm-2009q1/bin/arm-none-linux-gnueabi-nm -B
configure:4467: checking the name lister (/home/rdp/work/project/dm3730/arm-2009q1/bin/arm-none-linux-gnueabi-nm -B) interface
configure:4474: arm-none-linux-gnueabi-gcc -c -g -O2  conftest.c >&5
configure:4477: /home/rdp/work/project/dm3730/arm-2009q1/bin/arm-none-linux-gnueabi-nm -B "conftest.o"
configure:4480: output
00000000 B some_variable
configure:4487: result: BSD nm
configure:4490: checking whether ln -s works
configure:4494: result: yes
configure:4502: checking the maximum length of command line arguments
configure:4632: result: 1572864
configure:4649: checking whether the shell understands some XSI constructs
configure:4659: result: yes
configure:4663: checking whether the shell understands "+="
configure:4669: result: yes
configure:4704: checking how to convert x86_64-unknown-linux-gnu file names to arm-none-linux-gnueabi format
configure:4744: result: func_convert_file_noop
configure:4751: checking how to convert x86_64-unknown-linux-gnu file names to toolchain format
configure:4771: result: func_convert_file_noop
configure:4778: checking for /home/rdp/work/project/dm3730/arm-2009q1/arm-none-linux-gnueabi/bin/ld option to reload object files
configure:4785: result: -r
configure:4819: checking for arm-none-linux-gnueabi-objdump
configure:4835: found /home/rdp/work/project/dm3730/arm-2009q1/bin/arm-none-linux-gnueabi-objdump
configure:4846: result: arm-none-linux-gnueabi-objdump
configure:4918: checking how to recognize dependent libraries
configure:5120: result: pass_all
configure:5165: checking for arm-none-linux-gnueabi-dlltool
configure:5195: result: no
configure:5205: checking for dlltool
configure:5235: result: no
configure:5265: checking how to associate runtime and link libraries
configure:5292: result: printf %s\n
configure:5309: checking for arm-none-linux-gnueabi-ar
configure:5325: found /home/rdp/work/project/dm3730/arm-2009q1/bin/arm-none-linux-gnueabi-ar
configure:5336: result: arm-none-linux-gnueabi-ar
configure:5417: checking for archiver @FILE support
configure:5434: arm-none-linux-gnueabi-gcc -c -g -O2  conftest.c >&5
configure:5434: $? = 0
configure:5437: arm-none-linux-gnueabi-ar cru libconftest.a @conftest.lst >&5
configure:5440: $? = 0
configure:5445: arm-none-linux-gnueabi-ar cru libconftest.a @conftest.lst >&5
arm-none-linux-gnueabi-ar: conftest.o: No such file or directory
configure:5448: $? = 1
configure:5460: result: @
configure:5478: checking for arm-none-linux-gnueabi-strip
configure:5505: result: arm-none-linux-gnueabi-strip
configure:5577: checking for arm-none-linux-gnueabi-ranlib
configure:5593: found /home/rdp/work/project/dm3730/arm-2009q1/bin/arm-none-linux-gnueabi-ranlib
configure:5604: result: arm-none-linux-gnueabi-ranlib
configure:5746: checking command to parse /home/rdp/work/project/dm3730/arm-2009q1/bin/arm-none-linux-gnueabi-nm -B output from arm-none-linux-gnueabi-gcc object
configure:5866: arm-none-linux-gnueabi-gcc -c -g -O2  conftest.c >&5
configure:5869: $? = 0
configure:5873: /home/rdp/work/project/dm3730/arm-2009q1/bin/arm-none-linux-gnueabi-nm -B conftest.o \| sed -n -e 's/^.*[ ]\([ABCDGIRSTW][ABCDGIRSTW]*\)[ ][ ]*\([_A-Za-z][_A-Za-z0-9]*\)$/\1 \2 \2/p' | sed '/ __gnu_lto/d' \> conftest.nm
configure:5876: $? = 0
configure:5942: arm-none-linux-gnueabi-gcc -o conftest -g -O2   conftest.c conftstm.o >&5
configure:5945: $? = 0
configure:5983: result: ok
configure:6020: checking for sysroot
configure:6050: result: no
configure:6266: checking for arm-none-linux-gnueabi-mt
configure:6296: result: no
configure:6306: checking for mt
configure:6322: found /bin/mt
configure:6333: result: mt
configure:6345: WARNING: using cross tools not prefixed with host triplet
configure:6356: checking if mt is a manifest tool
configure:6362: mt '-?'
configure:6370: result: no
configure:7012: checking how to run the C preprocessor
configure:7043: arm-none-linux-gnueabi-gcc -E  conftest.c
configure:7043: $? = 0
configure:7057: arm-none-linux-gnueabi-gcc -E  conftest.c
conftest.c:11:28: error: ac_nonexistent.h: No such file or directory
configure:7057: $? = 1
configure: failed program was:
| /* confdefs.h */
| #define PACKAGE_NAME "libantlr3c"
| #define PACKAGE_TARNAME "libantlr3c"
| #define PACKAGE_VERSION "3.4-beta3"
| #define PACKAGE_STRING "libantlr3c 3.4-beta3"
| #define PACKAGE_BUGREPORT "jimi@temporal-wave.com"
| #define PACKAGE_URL ""
| #define PACKAGE "libantlr3c"
| #define VERSION "3.4-beta3"
| /* end confdefs.h.  */
| #include <ac_nonexistent.h>
configure:7082: result: arm-none-linux-gnueabi-gcc -E
configure:7102: arm-none-linux-gnueabi-gcc -E  conftest.c
configure:7102: $? = 0
configure:7116: arm-none-linux-gnueabi-gcc -E  conftest.c
conftest.c:11:28: error: ac_nonexistent.h: No such file or directory
configure:7116: $? = 1
configure: failed program was:
| /* confdefs.h */
| #define PACKAGE_NAME "libantlr3c"
| #define PACKAGE_TARNAME "libantlr3c"
| #define PACKAGE_VERSION "3.4-beta3"
| #define PACKAGE_STRING "libantlr3c 3.4-beta3"
| #define PACKAGE_BUGREPORT "jimi@temporal-wave.com"
| #define PACKAGE_URL ""
| #define PACKAGE "libantlr3c"
| #define VERSION "3.4-beta3"
| /* end confdefs.h.  */
| #include <ac_nonexistent.h>
configure:7145: checking for ANSI C header files
configure:7165: arm-none-linux-gnueabi-gcc -c -g -O2  conftest.c >&5
configure:7165: $? = 0
configure:7249: result: yes
configure:7262: checking for sys/types.h
configure:7262: arm-none-linux-gnueabi-gcc -c -g -O2  conftest.c >&5
configure:7262: $? = 0
configure:7262: result: yes
configure:7262: checking for sys/stat.h
configure:7262: arm-none-linux-gnueabi-gcc -c -g -O2  conftest.c >&5
configure:7262: $? = 0
configure:7262: result: yes
configure:7262: checking for stdlib.h
configure:7262: arm-none-linux-gnueabi-gcc -c -g -O2  conftest.c >&5
configure:7262: $? = 0
configure:7262: result: yes
configure:7262: checking for string.h
configure:7262: arm-none-linux-gnueabi-gcc -c -g -O2  conftest.c >&5
configure:7262: $? = 0
configure:7262: result: yes
configure:7262: checking for memory.h
configure:7262: arm-none-linux-gnueabi-gcc -c -g -O2  conftest.c >&5
configure:7262: $? = 0
configure:7262: result: yes
configure:7262: checking for strings.h
configure:7262: arm-none-linux-gnueabi-gcc -c -g -O2  conftest.c >&5
configure:7262: $? = 0
configure:7262: result: yes
configure:7262: checking for inttypes.h
configure:7262: arm-none-linux-gnueabi-gcc -c -g -O2  conftest.c >&5
configure:7262: $? = 0
configure:7262: result: yes
configure:7262: checking for stdint.h
configure:7262: arm-none-linux-gnueabi-gcc -c -g -O2  conftest.c >&5
configure:7262: $? = 0
configure:7262: result: yes
configure:7262: checking for unistd.h
configure:7262: arm-none-linux-gnueabi-gcc -c -g -O2  conftest.c >&5
configure:7262: $? = 0
configure:7262: result: yes
configure:7276: checking for dlfcn.h
configure:7276: arm-none-linux-gnueabi-gcc -c -g -O2  conftest.c >&5
configure:7276: $? = 0
configure:7276: result: yes
configure:7482: checking for objdir
configure:7497: result: .libs
configure:7768: checking if arm-none-linux-gnueabi-gcc supports -fno-rtti -fno-exceptions
configure:7786: arm-none-linux-gnueabi-gcc -c -g -O2  -fno-rtti -fno-exceptions conftest.c >&5
cc1: warning: command line option "-fno-rtti" is valid for C++/ObjC++ but not for C
configure:7790: $? = 0
configure:7803: result: no
configure:8130: checking for arm-none-linux-gnueabi-gcc option to produce PIC
configure:8137: result: -fPIC -DPIC
configure:8145: checking if arm-none-linux-gnueabi-gcc PIC flag -fPIC -DPIC works
configure:8163: arm-none-linux-gnueabi-gcc -c -g -O2  -fPIC -DPIC -DPIC conftest.c >&5
configure:8167: $? = 0
configure:8180: result: yes
configure:8209: checking if arm-none-linux-gnueabi-gcc static flag -static works
configure:8237: result: yes
configure:8252: checking if arm-none-linux-gnueabi-gcc supports -c -o file.o
configure:8273: arm-none-linux-gnueabi-gcc -c -g -O2  -o out/conftest2.o conftest.c >&5
configure:8277: $? = 0
configure:8299: result: yes
configure:8307: checking if arm-none-linux-gnueabi-gcc supports -c -o file.o
configure:8354: result: yes
configure:8387: checking whether the arm-none-linux-gnueabi-gcc linker (/home/rdp/work/project/dm3730/arm-2009q1/arm-none-linux-gnueabi/bin/ld) supports shared libraries
configure:9544: result: yes
configure:9581: checking whether -lc should be explicitly linked in
configure:9589: arm-none-linux-gnueabi-gcc -c -g -O2  conftest.c >&5
configure:9592: $? = 0
configure:9607: arm-none-linux-gnueabi-gcc -shared  -fPIC -DPIC conftest.o  -v -Wl,-soname -Wl,conftest -o conftest 2\>\&1 \| /bin/grep  -lc  \>/dev/null 2\>\&1
configure:9610: $? = 0
configure:9624: result: no
configure:9784: checking dynamic linker characteristics
configure:10295: arm-none-linux-gnueabi-gcc -o conftest -g -O2   -Wl,-rpath -Wl,/foo conftest.c  >&5
configure:10295: $? = 0
configure:10529: result: GNU/Linux ld.so
configure:10636: checking how to hardcode library paths into programs
configure:10661: result: immediate
configure:11201: checking whether stripping libraries is possible
configure:11206: result: yes
configure:11241: checking if libtool supports shared libraries
configure:11243: result: yes
configure:11246: checking whether to build shared libraries
configure:11267: result: yes
configure:11270: checking whether to build static libraries
configure:11274: result: yes
configure:11317: checking compiler flags required for compiling ANTLR with arm-none-linux-gnueabi-gcc C compiler on host arm-none-linux-gnueabi
configure:11399: result:   -O  
configure:11416: checking whether ln -s works
configure:11420: result: yes
configure:11427: checking whether make sets $(MAKE)
configure:11449: result: yes
configure:11466: checking for sys/types.h
configure:11466: result: yes
configure:11466: checking for netinet/in.h
configure:11466: arm-none-linux-gnueabi-gcc -c   -O    conftest.c >&5
configure:11466: $? = 0
configure:11466: result: yes
configure:11466: checking for arpa/nameser.h
configure:11466: arm-none-linux-gnueabi-gcc -c   -O    conftest.c >&5
configure:11466: $? = 0
configure:11466: result: yes
configure:11466: checking for netdb.h
configure:11466: arm-none-linux-gnueabi-gcc -c   -O    conftest.c >&5
configure:11466: $? = 0
configure:11466: result: yes
configure:11466: checking for resolv.h
configure:11466: arm-none-linux-gnueabi-gcc -c   -O    conftest.c >&5
configure:11466: $? = 0
configure:11466: result: yes
configure:11492: checking for sys/malloc.h
configure:11492: arm-none-linux-gnueabi-gcc -c   -O    conftest.c >&5
conftest.c:37:24: error: sys/malloc.h: No such file or directory
configure:11492: $? = 1
configure: failed program was:
| /* confdefs.h */
| #define PACKAGE_NAME "libantlr3c"
| #define PACKAGE_TARNAME "libantlr3c"
| #define PACKAGE_VERSION "3.4-beta3"
| #define PACKAGE_STRING "libantlr3c 3.4-beta3"
| #define PACKAGE_BUGREPORT "jimi@temporal-wave.com"
| #define PACKAGE_URL ""
| #define PACKAGE "libantlr3c"
| #define VERSION "3.4-beta3"
| #define STDC_HEADERS 1
| #define HAVE_SYS_TYPES_H 1
| #define HAVE_SYS_STAT_H 1
| #define HAVE_STDLIB_H 1
| #define HAVE_STRING_H 1
| #define HAVE_MEMORY_H 1
| #define HAVE_STRINGS_H 1
| #define HAVE_INTTYPES_H 1
| #define HAVE_STDINT_H 1
| #define HAVE_UNISTD_H 1
| #define HAVE_DLFCN_H 1
| #define LT_OBJDIR ".libs/"
| #define ANTLR3_NODEBUGGER 1
| #define HAVE_SYS_TYPES_H 1
| #define HAVE_NETINET_IN_H 1
| #define HAVE_ARPA_NAMESER_H 1
| #define HAVE_NETDB_H 1
| #define HAVE_RESOLV_H 1
| /* end confdefs.h.  */
| #ifdef HAVE_SYS_MALLOC_H
| #include <sys/malloc.h>
| #endif
| #ifdef HAVE_MALLOC_H
| #include <malloc.h>
| #endif
| 
| 
| #include <sys/malloc.h>
configure:11492: result: no
configure:11492: checking for malloc.h
configure:11492: arm-none-linux-gnueabi-gcc -c   -O    conftest.c >&5
configure:11492: $? = 0
configure:11492: result: yes
configure:11511: checking for stdarg.h
configure:11511: arm-none-linux-gnueabi-gcc -c   -O    conftest.c >&5
configure:11511: $? = 0
configure:11511: result: yes
configure:11528: checking for sys/stat.h
configure:11528: result: yes
configure:11545: checking for ctype.h
configure:11545: arm-none-linux-gnueabi-gcc -c   -O    conftest.c >&5
configure:11545: $? = 0
configure:11545: result: yes
configure:11562: checking for netinet/tcp.h
configure:11562: arm-none-linux-gnueabi-gcc -c   -O    conftest.c >&5
configure:11562: $? = 0
configure:11562: result: yes
configure:11580: checking for sys/socket.h
configure:11580: arm-none-linux-gnueabi-gcc -c   -O    conftest.c >&5
configure:11580: $? = 0
configure:11580: result: yes
configure:11580: checking for socket.h
configure:11580: arm-none-linux-gnueabi-gcc -c   -O    conftest.c >&5
conftest.c:43:20: error: socket.h: No such file or directory
configure:11580: $? = 1
configure: failed program was:
| /* confdefs.h */
| #define PACKAGE_NAME "libantlr3c"
| #define PACKAGE_TARNAME "libantlr3c"
| #define PACKAGE_VERSION "3.4-beta3"
| #define PACKAGE_STRING "libantlr3c 3.4-beta3"
| #define PACKAGE_BUGREPORT "jimi@temporal-wave.com"
| #define PACKAGE_URL ""
| #define PACKAGE "libantlr3c"
| #define VERSION "3.4-beta3"
| #define STDC_HEADERS 1
| #define HAVE_SYS_TYPES_H 1
| #define HAVE_SYS_STAT_H 1
| #define HAVE_STDLIB_H 1
| #define HAVE_STRING_H 1
| #define HAVE_MEMORY_H 1
| #define HAVE_STRINGS_H 1
| #define HAVE_INTTYPES_H 1
| #define HAVE_STDINT_H 1
| #define HAVE_UNISTD_H 1
| #define HAVE_DLFCN_H 1
| #define LT_OBJDIR ".libs/"
| #define ANTLR3_NODEBUGGER 1
| #define HAVE_SYS_TYPES_H 1
| #define HAVE_NETINET_IN_H 1
| #define HAVE_ARPA_NAMESER_H 1
| #define HAVE_NETDB_H 1
| #define HAVE_RESOLV_H 1
| #define HAVE_MALLOC_H 1
| #define HAVE_STDARG_H 1
| #define HAVE_SYS_STAT_H 1
| #define HAVE_CTYPE_H 1
| #define HAVE_NETINET_TCP_H 1
| #define HAVE_SYS_SOCKET_H 1
| /* end confdefs.h.  */
| #ifdef HAVE_SYS_SOCKET_H
| #include <sys/socket.h>
| #endif
| #ifdef HAVE_SOCKET_H
| #include <socket.h>
| #endif
| 
| 
| #include <socket.h>
configure:11580: result: no
configure:11599: checking for an ANSI C-conforming const
configure:11664: arm-none-linux-gnueabi-gcc -c   -O    conftest.c >&5
configure:11664: $? = 0
configure:11671: result: yes
configure:11679: checking for size_t
configure:11679: arm-none-linux-gnueabi-gcc -c   -O    conftest.c >&5
configure:11679: $? = 0
configure:11679: arm-none-linux-gnueabi-gcc -c   -O    conftest.c >&5
conftest.c: In function 'main':
conftest.c:71: error: expected expression before ')' token
configure:11679: $? = 1
configure: failed program was:
| /* confdefs.h */
| #define PACKAGE_NAME "libantlr3c"
| #define PACKAGE_TARNAME "libantlr3c"
| #define PACKAGE_VERSION "3.4-beta3"
| #define PACKAGE_STRING "libantlr3c 3.4-beta3"
| #define PACKAGE_BUGREPORT "jimi@temporal-wave.com"
| #define PACKAGE_URL ""
| #define PACKAGE "libantlr3c"
| #define VERSION "3.4-beta3"
| #define STDC_HEADERS 1
| #define HAVE_SYS_TYPES_H 1
| #define HAVE_SYS_STAT_H 1
| #define HAVE_STDLIB_H 1
| #define HAVE_STRING_H 1
| #define HAVE_MEMORY_H 1
| #define HAVE_STRINGS_H 1
| #define HAVE_INTTYPES_H 1
| #define HAVE_STDINT_H 1
| #define HAVE_UNISTD_H 1
| #define HAVE_DLFCN_H 1
| #define LT_OBJDIR ".libs/"
| #define ANTLR3_NODEBUGGER 1
| #define HAVE_SYS_TYPES_H 1
| #define HAVE_NETINET_IN_H 1
| #define HAVE_ARPA_NAMESER_H 1
| #define HAVE_NETDB_H 1
| #define HAVE_RESOLV_H 1
| #define HAVE_MALLOC_H 1
| #define HAVE_STDARG_H 1
| #define HAVE_SYS_STAT_H 1
| #define HAVE_CTYPE_H 1
| #define HAVE_NETINET_TCP_H 1
| #define HAVE_SYS_SOCKET_H 1
| /* end confdefs.h.  */
| #include <stdio.h>
| #ifdef HAVE_SYS_TYPES_H
| # include <sys/types.h>
| #endif
| #ifdef HAVE_SYS_STAT_H
| # include <sys/stat.h>
| #endif
| #ifdef STDC_HEADERS
| # include <stdlib.h>
| # include <stddef.h>
| #else
| # ifdef HAVE_STDLIB_H
| #  include <stdlib.h>
| # endif
| #endif
| #ifdef HAVE_STRING_H
| # if !defined STDC_HEADERS && defined HAVE_MEMORY_H
| #  include <memory.h>
| # endif
| # include <string.h>
| #endif
| #ifdef HAVE_STRINGS_H
| # include <strings.h>
| #endif
| #ifdef HAVE_INTTYPES_H
| # include <inttypes.h>
| #endif
| #ifdef HAVE_STDINT_H
| # include <stdint.h>
| #endif
| #ifdef HAVE_UNISTD_H
| # include <unistd.h>
| #endif
| int
| main ()
| {
| if (sizeof ((size_t)))
| 	    return 0;
|   ;
|   return 0;
| }
configure:11679: result: yes
configure:11690: checking for int8_t
configure:11690: arm-none-linux-gnueabi-gcc -c   -O    conftest.c >&5
configure:11690: $? = 0
configure:11690: arm-none-linux-gnueabi-gcc -c   -O    conftest.c >&5
conftest.c: In function 'main':
conftest.c:73: error: size of array 'test_array' is negative
configure:11690: $? = 1
configure: failed program was:
| /* confdefs.h */
| #define PACKAGE_NAME "libantlr3c"
| #define PACKAGE_TARNAME "libantlr3c"
| #define PACKAGE_VERSION "3.4-beta3"
| #define PACKAGE_STRING "libantlr3c 3.4-beta3"
| #define PACKAGE_BUGREPORT "jimi@temporal-wave.com"
| #define PACKAGE_URL ""
| #define PACKAGE "libantlr3c"
| #define VERSION "3.4-beta3"
| #define STDC_HEADERS 1
| #define HAVE_SYS_TYPES_H 1
| #define HAVE_SYS_STAT_H 1
| #define HAVE_STDLIB_H 1
| #define HAVE_STRING_H 1
| #define HAVE_MEMORY_H 1
| #define HAVE_STRINGS_H 1
| #define HAVE_INTTYPES_H 1
| #define HAVE_STDINT_H 1
| #define HAVE_UNISTD_H 1
| #define HAVE_DLFCN_H 1
| #define LT_OBJDIR ".libs/"
| #define ANTLR3_NODEBUGGER 1
| #define HAVE_SYS_TYPES_H 1
| #define HAVE_NETINET_IN_H 1
| #define HAVE_ARPA_NAMESER_H 1
| #define HAVE_NETDB_H 1
| #define HAVE_RESOLV_H 1
| #define HAVE_MALLOC_H 1
| #define HAVE_STDARG_H 1
| #define HAVE_SYS_STAT_H 1
| #define HAVE_CTYPE_H 1
| #define HAVE_NETINET_TCP_H 1
| #define HAVE_SYS_SOCKET_H 1
| /* end confdefs.h.  */
| #include <stdio.h>
| #ifdef HAVE_SYS_TYPES_H
| # include <sys/types.h>
| #endif
| #ifdef HAVE_SYS_STAT_H
| # include <sys/stat.h>
| #endif
| #ifdef STDC_HEADERS
| # include <stdlib.h>
| # include <stddef.h>
| #else
| # ifdef HAVE_STDLIB_H
| #  include <stdlib.h>
| # endif
| #endif
| #ifdef HAVE_STRING_H
| # if !defined STDC_HEADERS && defined HAVE_MEMORY_H
| #  include <memory.h>
| # endif
| # include <string.h>
| #endif
| #ifdef HAVE_STRINGS_H
| # include <strings.h>
| #endif
| #ifdef HAVE_INTTYPES_H
| # include <inttypes.h>
| #endif
| #ifdef HAVE_STDINT_H
| # include <stdint.h>
| #endif
| #ifdef HAVE_UNISTD_H
| # include <unistd.h>
| #endif
| 	        enum { N = 8 / 2 - 1 };
| int
| main ()
| {
| static int test_array [1 - 2 * !((int8_t) (((((int8_t) 1 << N) << N) - 1) * 2 + 1)
| 		 < (int8_t) (((((int8_t) 1 << N) << N) - 1) * 2 + 2))];
| test_array [0] = 0
| 
|   ;
|   return 0;
| }
configure:11690: result: yes
configure:11701: checking for int16_t
configure:11701: arm-none-linux-gnueabi-gcc -c   -O    conftest.c >&5
configure:11701: $? = 0
configure:11701: arm-none-linux-gnueabi-gcc -c   -O    conftest.c >&5
conftest.c: In function 'main':
conftest.c:73: error: size of array 'test_array' is negative
configure:11701: $? = 1
configure: failed program was:
| /* confdefs.h */
| #define PACKAGE_NAME "libantlr3c"
| #define PACKAGE_TARNAME "libantlr3c"
| #define PACKAGE_VERSION "3.4-beta3"
| #define PACKAGE_STRING "libantlr3c 3.4-beta3"
| #define PACKAGE_BUGREPORT "jimi@temporal-wave.com"
| #define PACKAGE_URL ""
| #define PACKAGE "libantlr3c"
| #define VERSION "3.4-beta3"
| #define STDC_HEADERS 1
| #define HAVE_SYS_TYPES_H 1
| #define HAVE_SYS_STAT_H 1
| #define HAVE_STDLIB_H 1
| #define HAVE_STRING_H 1
| #define HAVE_MEMORY_H 1
| #define HAVE_STRINGS_H 1
| #define HAVE_INTTYPES_H 1
| #define HAVE_STDINT_H 1
| #define HAVE_UNISTD_H 1
| #define HAVE_DLFCN_H 1
| #define LT_OBJDIR ".libs/"
| #define ANTLR3_NODEBUGGER 1
| #define HAVE_SYS_TYPES_H 1
| #define HAVE_NETINET_IN_H 1
| #define HAVE_ARPA_NAMESER_H 1
| #define HAVE_NETDB_H 1
| #define HAVE_RESOLV_H 1
| #define HAVE_MALLOC_H 1
| #define HAVE_STDARG_H 1
| #define HAVE_SYS_STAT_H 1
| #define HAVE_CTYPE_H 1
| #define HAVE_NETINET_TCP_H 1
| #define HAVE_SYS_SOCKET_H 1
| /* end confdefs.h.  */
| #include <stdio.h>
| #ifdef HAVE_SYS_TYPES_H
| # include <sys/types.h>
| #endif
| #ifdef HAVE_SYS_STAT_H
| # include <sys/stat.h>
| #endif
| #ifdef STDC_HEADERS
| # include <stdlib.h>
| # include <stddef.h>
| #else
| # ifdef HAVE_STDLIB_H
| #  include <stdlib.h>
| # endif
| #endif
| #ifdef HAVE_STRING_H
| # if !defined STDC_HEADERS && defined HAVE_MEMORY_H
| #  include <memory.h>
| # endif
| # include <string.h>
| #endif
| #ifdef HAVE_STRINGS_H
| # include <strings.h>
| #endif
| #ifdef HAVE_INTTYPES_H
| # include <inttypes.h>
| #endif
| #ifdef HAVE_STDINT_H
| # include <stdint.h>
| #endif
| #ifdef HAVE_UNISTD_H
| # include <unistd.h>
| #endif
| 	        enum { N = 16 / 2 - 1 };
| int
| main ()
| {
| static int test_array [1 - 2 * !((int16_t) (((((int16_t) 1 << N) << N) - 1) * 2 + 1)
| 		 < (int16_t) (((((int16_t) 1 << N) << N) - 1) * 2 + 2))];
| test_array [0] = 0
| 
|   ;
|   return 0;
| }
configure:11701: result: yes
configure:11712: checking for int32_t
configure:11712: arm-none-linux-gnueabi-gcc -c   -O    conftest.c >&5
configure:11712: $? = 0
configure:11712: arm-none-linux-gnueabi-gcc -c   -O    conftest.c >&5
conftest.c: In function 'main':
conftest.c:73: warning: integer overflow in expression
conftest.c:73: error: size of array 'test_array' is negative
configure:11712: $? = 1
configure: failed program was:
| /* confdefs.h */
| #define PACKAGE_NAME "libantlr3c"
| #define PACKAGE_TARNAME "libantlr3c"
| #define PACKAGE_VERSION "3.4-beta3"
| #define PACKAGE_STRING "libantlr3c 3.4-beta3"
| #define PACKAGE_BUGREPORT "jimi@temporal-wave.com"
| #define PACKAGE_URL ""
| #define PACKAGE "libantlr3c"
| #define VERSION "3.4-beta3"
| #define STDC_HEADERS 1
| #define HAVE_SYS_TYPES_H 1
| #define HAVE_SYS_STAT_H 1
| #define HAVE_STDLIB_H 1
| #define HAVE_STRING_H 1
| #define HAVE_MEMORY_H 1
| #define HAVE_STRINGS_H 1
| #define HAVE_INTTYPES_H 1
| #define HAVE_STDINT_H 1
| #define HAVE_UNISTD_H 1
| #define HAVE_DLFCN_H 1
| #define LT_OBJDIR ".libs/"
| #define ANTLR3_NODEBUGGER 1
| #define HAVE_SYS_TYPES_H 1
| #define HAVE_NETINET_IN_H 1
| #define HAVE_ARPA_NAMESER_H 1
| #define HAVE_NETDB_H 1
| #define HAVE_RESOLV_H 1
| #define HAVE_MALLOC_H 1
| #define HAVE_STDARG_H 1
| #define HAVE_SYS_STAT_H 1
| #define HAVE_CTYPE_H 1
| #define HAVE_NETINET_TCP_H 1
| #define HAVE_SYS_SOCKET_H 1
| /* end confdefs.h.  */
| #include <stdio.h>
| #ifdef HAVE_SYS_TYPES_H
| # include <sys/types.h>
| #endif
| #ifdef HAVE_SYS_STAT_H
| # include <sys/stat.h>
| #endif
| #ifdef STDC_HEADERS
| # include <stdlib.h>
| # include <stddef.h>
| #else
| # ifdef HAVE_STDLIB_H
| #  include <stdlib.h>
| # endif
| #endif
| #ifdef HAVE_STRING_H
| # if !defined STDC_HEADERS && defined HAVE_MEMORY_H
| #  include <memory.h>
| # endif
| # include <string.h>
| #endif
| #ifdef HAVE_STRINGS_H
| # include <strings.h>
| #endif
| #ifdef HAVE_INTTYPES_H
| # include <inttypes.h>
| #endif
| #ifdef HAVE_STDINT_H
| # include <stdint.h>
| #endif
| #ifdef HAVE_UNISTD_H
| # include <unistd.h>
| #endif
| 	        enum { N = 32 / 2 - 1 };
| int
| main ()
| {
| static int test_array [1 - 2 * !((int32_t) (((((int32_t) 1 << N) << N) - 1) * 2 + 1)
| 		 < (int32_t) (((((int32_t) 1 << N) << N) - 1) * 2 + 2))];
| test_array [0] = 0
| 
|   ;
|   return 0;
| }
configure:11712: result: yes
configure:11723: checking for int64_t
configure:11723: arm-none-linux-gnueabi-gcc -c   -O    conftest.c >&5
configure:11723: $? = 0
configure:11723: arm-none-linux-gnueabi-gcc -c   -O    conftest.c >&5
conftest.c: In function 'main':
conftest.c:73: warning: integer overflow in expression
conftest.c:73: error: size of array 'test_array' is negative
configure:11723: $? = 1
configure: failed program was:
| /* confdefs.h */
| #define PACKAGE_NAME "libantlr3c"
| #define PACKAGE_TARNAME "libantlr3c"
| #define PACKAGE_VERSION "3.4-beta3"
| #define PACKAGE_STRING "libantlr3c 3.4-beta3"
| #define PACKAGE_BUGREPORT "jimi@temporal-wave.com"
| #define PACKAGE_URL ""
| #define PACKAGE "libantlr3c"
| #define VERSION "3.4-beta3"
| #define STDC_HEADERS 1
| #define HAVE_SYS_TYPES_H 1
| #define HAVE_SYS_STAT_H 1
| #define HAVE_STDLIB_H 1
| #define HAVE_STRING_H 1
| #define HAVE_MEMORY_H 1
| #define HAVE_STRINGS_H 1
| #define HAVE_INTTYPES_H 1
| #define HAVE_STDINT_H 1
| #define HAVE_UNISTD_H 1
| #define HAVE_DLFCN_H 1
| #define LT_OBJDIR ".libs/"
| #define ANTLR3_NODEBUGGER 1
| #define HAVE_SYS_TYPES_H 1
| #define HAVE_NETINET_IN_H 1
| #define HAVE_ARPA_NAMESER_H 1
| #define HAVE_NETDB_H 1
| #define HAVE_RESOLV_H 1
| #define HAVE_MALLOC_H 1
| #define HAVE_STDARG_H 1
| #define HAVE_SYS_STAT_H 1
| #define HAVE_CTYPE_H 1
| #define HAVE_NETINET_TCP_H 1
| #define HAVE_SYS_SOCKET_H 1
| /* end confdefs.h.  */
| #include <stdio.h>
| #ifdef HAVE_SYS_TYPES_H
| # include <sys/types.h>
| #endif
| #ifdef HAVE_SYS_STAT_H
| # include <sys/stat.h>
| #endif
| #ifdef STDC_HEADERS
| # include <stdlib.h>
| # include <stddef.h>
| #else
| # ifdef HAVE_STDLIB_H
| #  include <stdlib.h>
| # endif
| #endif
| #ifdef HAVE_STRING_H
| # if !defined STDC_HEADERS && defined HAVE_MEMORY_H
| #  include <memory.h>
| # endif
| # include <string.h>
| #endif
| #ifdef HAVE_STRINGS_H
| # include <strings.h>
| #endif
| #ifdef HAVE_INTTYPES_H
| # include <inttypes.h>
| #endif
| #ifdef HAVE_STDINT_H
| # include <stdint.h>
| #endif
| #ifdef HAVE_UNISTD_H
| # include <unistd.h>
| #endif
| 	        enum { N = 64 / 2 - 1 };
| int
| main ()
| {
| static int test_array [1 - 2 * !((int64_t) (((((int64_t) 1 << N) << N) - 1) * 2 + 1)
| 		 < (int64_t) (((((int64_t) 1 << N) << N) - 1) * 2 + 2))];
| test_array [0] = 0
| 
|   ;
|   return 0;
| }
configure:11723: result: yes
configure:11735: checking for intptr_t
configure:11735: arm-none-linux-gnueabi-gcc -c   -O    conftest.c >&5
configure:11735: $? = 0
configure:11735: arm-none-linux-gnueabi-gcc -c   -O    conftest.c >&5
conftest.c: In function 'main':
conftest.c:71: error: expected expression before ')' token
configure:11735: $? = 1
configure: failed program was:
| /* confdefs.h */
| #define PACKAGE_NAME "libantlr3c"
| #define PACKAGE_TARNAME "libantlr3c"
| #define PACKAGE_VERSION "3.4-beta3"
| #define PACKAGE_STRING "libantlr3c 3.4-beta3"
| #define PACKAGE_BUGREPORT "jimi@temporal-wave.com"
| #define PACKAGE_URL ""
| #define PACKAGE "libantlr3c"
| #define VERSION "3.4-beta3"
| #define STDC_HEADERS 1
| #define HAVE_SYS_TYPES_H 1
| #define HAVE_SYS_STAT_H 1
| #define HAVE_STDLIB_H 1
| #define HAVE_STRING_H 1
| #define HAVE_MEMORY_H 1
| #define HAVE_STRINGS_H 1
| #define HAVE_INTTYPES_H 1
| #define HAVE_STDINT_H 1
| #define HAVE_UNISTD_H 1
| #define HAVE_DLFCN_H 1
| #define LT_OBJDIR ".libs/"
| #define ANTLR3_NODEBUGGER 1
| #define HAVE_SYS_TYPES_H 1
| #define HAVE_NETINET_IN_H 1
| #define HAVE_ARPA_NAMESER_H 1
| #define HAVE_NETDB_H 1
| #define HAVE_RESOLV_H 1
| #define HAVE_MALLOC_H 1
| #define HAVE_STDARG_H 1
| #define HAVE_SYS_STAT_H 1
| #define HAVE_CTYPE_H 1
| #define HAVE_NETINET_TCP_H 1
| #define HAVE_SYS_SOCKET_H 1
| /* end confdefs.h.  */
| #include <stdio.h>
| #ifdef HAVE_SYS_TYPES_H
| # include <sys/types.h>
| #endif
| #ifdef HAVE_SYS_STAT_H
| # include <sys/stat.h>
| #endif
| #ifdef STDC_HEADERS
| # include <stdlib.h>
| # include <stddef.h>
| #else
| # ifdef HAVE_STDLIB_H
| #  include <stdlib.h>
| # endif
| #endif
| #ifdef HAVE_STRING_H
| # if !defined STDC_HEADERS && defined HAVE_MEMORY_H
| #  include <memory.h>
| # endif
| # include <string.h>
| #endif
| #ifdef HAVE_STRINGS_H
| # include <strings.h>
| #endif
| #ifdef HAVE_INTTYPES_H
| # include <inttypes.h>
| #endif
| #ifdef HAVE_STDINT_H
| # include <stdint.h>
| #endif
| #ifdef HAVE_UNISTD_H
| # include <unistd.h>
| #endif
| int
| main ()
| {
| if (sizeof ((intptr_t)))
| 	    return 0;
|   ;
|   return 0;
| }
configure:11735: result: yes
configure:11769: checking for uint8_t
configure:11769: arm-none-linux-gnueabi-gcc -c   -O    conftest.c >&5
configure:11769: $? = 0
configure:11769: result: yes
configure:11783: checking for uint16_t
configure:11783: arm-none-linux-gnueabi-gcc -c   -O    conftest.c >&5
configure:11783: $? = 0
configure:11783: result: yes
configure:11795: checking for uint32_t
configure:11795: arm-none-linux-gnueabi-gcc -c   -O    conftest.c >&5
configure:11795: $? = 0
configure:11795: result: yes
configure:11809: checking for uint64_t
configure:11809: arm-none-linux-gnueabi-gcc -c   -O    conftest.c >&5
configure:11809: $? = 0
configure:11809: result: yes
configure:11824: checking for uintptr_t
configure:11824: arm-none-linux-gnueabi-gcc -c   -O    conftest.c >&5
configure:11824: $? = 0
configure:11824: arm-none-linux-gnueabi-gcc -c   -O    conftest.c >&5
conftest.c: In function 'main':
conftest.c:72: error: expected expression before ')' token
configure:11824: $? = 1
configure: failed program was:
| /* confdefs.h */
| #define PACKAGE_NAME "libantlr3c"
| #define PACKAGE_TARNAME "libantlr3c"
| #define PACKAGE_VERSION "3.4-beta3"
| #define PACKAGE_STRING "libantlr3c 3.4-beta3"
| #define PACKAGE_BUGREPORT "jimi@temporal-wave.com"
| #define PACKAGE_URL ""
| #define PACKAGE "libantlr3c"
| #define VERSION "3.4-beta3"
| #define STDC_HEADERS 1
| #define HAVE_SYS_TYPES_H 1
| #define HAVE_SYS_STAT_H 1
| #define HAVE_STDLIB_H 1
| #define HAVE_STRING_H 1
| #define HAVE_MEMORY_H 1
| #define HAVE_STRINGS_H 1
| #define HAVE_INTTYPES_H 1
| #define HAVE_STDINT_H 1
| #define HAVE_UNISTD_H 1
| #define HAVE_DLFCN_H 1
| #define LT_OBJDIR ".libs/"
| #define ANTLR3_NODEBUGGER 1
| #define HAVE_SYS_TYPES_H 1
| #define HAVE_NETINET_IN_H 1
| #define HAVE_ARPA_NAMESER_H 1
| #define HAVE_NETDB_H 1
| #define HAVE_RESOLV_H 1
| #define HAVE_MALLOC_H 1
| #define HAVE_STDARG_H 1
| #define HAVE_SYS_STAT_H 1
| #define HAVE_CTYPE_H 1
| #define HAVE_NETINET_TCP_H 1
| #define HAVE_SYS_SOCKET_H 1
| #define HAVE_INTPTR_T 1
| /* end confdefs.h.  */
| #include <stdio.h>
| #ifdef HAVE_SYS_TYPES_H
| # include <sys/types.h>
| #endif
| #ifdef HAVE_SYS_STAT_H
| # include <sys/stat.h>
| #endif
| #ifdef STDC_HEADERS
| # include <stdlib.h>
| # include <stddef.h>
| #else
| # ifdef HAVE_STDLIB_H
| #  include <stdlib.h>
| # endif
| #endif
| #ifdef HAVE_STRING_H
| # if !defined STDC_HEADERS && defined HAVE_MEMORY_H
| #  include <memory.h>
| # endif
| # include <string.h>
| #endif
| #ifdef HAVE_STRINGS_H
| # include <strings.h>
| #endif
| #ifdef HAVE_INTTYPES_H
| # include <inttypes.h>
| #endif
| #ifdef HAVE_STDINT_H
| # include <stdint.h>
| #endif
| #ifdef HAVE_UNISTD_H
| # include <unistd.h>
| #endif
| int
| main ()
| {
| if (sizeof ((uintptr_t)))
| 	    return 0;
|   ;
|   return 0;
| }
configure:11824: result: yes
configure:11859: checking for inline
configure:11875: arm-none-linux-gnueabi-gcc -c   -O    conftest.c >&5
configure:11875: $? = 0
configure:11883: result: inline
configure:11907: checking for memmove
configure:11907: arm-none-linux-gnueabi-gcc -o conftest   -O     conftest.c  >&5
conftest.c:60: warning: conflicting types for built-in function 'memmove'
configure:11907: $? = 0
configure:11907: result: yes
configure:11907: checking for memset
configure:11907: arm-none-linux-gnueabi-gcc -o conftest   -O     conftest.c  >&5
conftest.c:61: warning: conflicting types for built-in function 'memset'
configure:11907: $? = 0
configure:11907: result: yes
configure:11907: checking for strdup
configure:11907: arm-none-linux-gnueabi-gcc -o conftest   -O     conftest.c  >&5
conftest.c:62: warning: conflicting types for built-in function 'strdup'
configure:11907: $? = 0
configure:11907: result: yes
configure:11907: checking for accept
configure:11907: arm-none-linux-gnueabi-gcc -o conftest   -O     conftest.c  >&5
configure:11907: $? = 0
configure:11907: result: yes
configure:12057: creating ./config.status

## ---------------------- ##
## Running config.status. ##
## ---------------------- ##

This file was extended by libantlr3c config.status 3.4-beta3, which was
generated by GNU Autoconf 2.68.  Invocation command line was

  CONFIG_FILES    = 
  CONFIG_HEADERS  = 
  CONFIG_LINKS    = 
  CONFIG_COMMANDS = 
  $ ./config.status 

on ubuntu

config.status:1111: creating Makefile
config.status:1111: creating antlr3config.h
config.status:1340: executing depfiles commands
config.status:1340: executing libtool commands

## ---------------- ##
## Cache variables. ##
## ---------------- ##

ac_cv_build=x86_64-unknown-linux-gnu
ac_cv_c_compiler_gnu=yes
ac_cv_c_const=yes
ac_cv_c_inline=inline
ac_cv_c_int16_t=yes
ac_cv_c_int32_t=yes
ac_cv_c_int64_t=yes
ac_cv_c_int8_t=yes
ac_cv_c_uint16_t=yes
ac_cv_c_uint32_t=yes
ac_cv_c_uint64_t=yes
ac_cv_c_uint8_t=yes
ac_cv_env_CC_set=
ac_cv_env_CC_value=
ac_cv_env_CFLAGS_set=
ac_cv_env_CFLAGS_value=
ac_cv_env_CPPFLAGS_set=
ac_cv_env_CPPFLAGS_value=
ac_cv_env_CPP_set=
ac_cv_env_CPP_value=
ac_cv_env_LDFLAGS_set=
ac_cv_env_LDFLAGS_value=
ac_cv_env_LIBS_set=
ac_cv_env_LIBS_value=
ac_cv_env_build_alias_set=
ac_cv_env_build_alias_value=
ac_cv_env_host_alias_set=set
ac_cv_env_host_alias_value=arm-none-linux-gnueabi
ac_cv_env_target_alias_set=
ac_cv_env_target_alias_value=
ac_cv_func_accept=yes
ac_cv_func_memmove=yes
ac_cv_func_memset=yes
ac_cv_func_strdup=yes
ac_cv_header_arpa_nameser_h=yes
ac_cv_header_ctype_h=yes
ac_cv_header_dlfcn_h=yes
ac_cv_header_inttypes_h=yes
ac_cv_header_malloc_h=yes
ac_cv_header_memory_h=yes
ac_cv_header_netdb_h=yes
ac_cv_header_netinet_in_h=yes
ac_cv_header_netinet_tcp_h=yes
ac_cv_header_resolv_h=yes
ac_cv_header_socket_h=no
ac_cv_header_stdarg_h=yes
ac_cv_header_stdc=yes
ac_cv_header_stdint_h=yes
ac_cv_header_stdlib_h=yes
ac_cv_header_string_h=yes
ac_cv_header_strings_h=yes
ac_cv_header_sys_malloc_h=no
ac_cv_header_sys_socket_h=yes
ac_cv_header_sys_stat_h=yes
ac_cv_header_sys_types_h=yes
ac_cv_header_unistd_h=yes
ac_cv_host=arm-none-linux-gnueabi
ac_cv_objext=o
ac_cv_path_EGREP='/bin/grep -E'
ac_cv_path_FGREP='/bin/grep -F'
ac_cv_path_GREP=/bin/grep
ac_cv_path_SED=/bin/sed
ac_cv_path_install='/usr/bin/install -c'
ac_cv_path_mkdir=/bin/mkdir
ac_cv_prog_AR=arm-none-linux-gnueabi-ar
ac_cv_prog_AWK=gawk
ac_cv_prog_CC=arm-none-linux-gnueabi-gcc
ac_cv_prog_CPP='arm-none-linux-gnueabi-gcc -E'
ac_cv_prog_OBJDUMP=arm-none-linux-gnueabi-objdump
ac_cv_prog_RANLIB=arm-none-linux-gnueabi-ranlib
ac_cv_prog_STRIP=arm-none-linux-gnueabi-strip
ac_cv_prog_ac_ct_MANIFEST_TOOL=mt
ac_cv_prog_cc_c89=
ac_cv_prog_cc_g=yes
ac_cv_prog_make_make_set=yes
ac_cv_type_intptr_t=yes
ac_cv_type_size_t=yes
ac_cv_type_uintptr_t=yes
am_cv_CC_dependencies_compiler_type=gcc3
lt_cv_ar_at_file=@
lt_cv_archive_cmds_need_lc=no
lt_cv_deplibs_check_method=pass_all
lt_cv_file_magic_cmd='$MAGIC_CMD'
lt_cv_file_magic_test_file=
lt_cv_ld_reload_flag=-r
lt_cv_nm_interface='BSD nm'
lt_cv_objdir=.libs
lt_cv_path_LD=/home/rdp/work/project/dm3730/arm-2009q1/arm-none-linux-gnueabi/bin/ld
lt_cv_path_NM='/home/rdp/work/project/dm3730/arm-2009q1/bin/arm-none-linux-gnueabi-nm -B'
lt_cv_path_mainfest_tool=no
lt_cv_prog_compiler_c_o=yes
lt_cv_prog_compiler_pic='-fPIC -DPIC'
lt_cv_prog_compiler_pic_works=yes
lt_cv_prog_compiler_rtti_exceptions=no
lt_cv_prog_compiler_static_works=yes
lt_cv_prog_gnu_ld=yes
lt_cv_sharedlib_from_linklib_cmd='printf %s\n'
lt_cv_shlibpath_overrides_runpath=no
lt_cv_sys_global_symbol_pipe='sed -n -e '\''s/^.*[	 ]\([ABCDGIRSTW][ABCDGIRSTW]*\)[	 ][	 ]*\([_A-Za-z][_A-Za-z0-9]*\)$/\1 \2 \2/p'\'' | sed '\''/ __gnu_lto/d'\'''
lt_cv_sys_global_symbol_to_c_name_address='sed -n -e '\''s/^: \([^ ]*\)[ ]*$/  {\"\1\", (void *) 0},/p'\'' -e '\''s/^[ABCDGIRSTW]* \([^ ]*\) \([^ ]*\)$/  {"\2", (void *) \&\2},/p'\'''
lt_cv_sys_global_symbol_to_c_name_address_lib_prefix='sed -n -e '\''s/^: \([^ ]*\)[ ]*$/  {\"\1\", (void *) 0},/p'\'' -e '\''s/^[ABCDGIRSTW]* \([^ ]*\) \(lib[^ ]*\)$/  {"\2", (void *) \&\2},/p'\'' -e '\''s/^[ABCDGIRSTW]* \([^ ]*\) \([^ ]*\)$/  {"lib\2", (void *) \&\2},/p'\'''
lt_cv_sys_global_symbol_to_cdecl='sed -n -e '\''s/^T .* \(.*\)$/extern int \1();/p'\'' -e '\''s/^[ABCDGIRSTW]* .* \(.*\)$/extern char \1;/p'\'''
lt_cv_sys_max_cmd_len=1572864
lt_cv_to_host_file_cmd=func_convert_file_noop
lt_cv_to_tool_file_cmd=func_convert_file_noop

## ----------------- ##
## Output variables. ##
## ----------------- ##

ACLOCAL='${SHELL} /home/rdp/work/project/dm3730/rong/antlr3/missing --run aclocal-1.11'
AMDEPBACKSLASH='\'
AMDEP_FALSE='#'
AMDEP_TRUE=''
AMTAR='$${TAR-tar}'
ANTLR_LIBS=''
AR='arm-none-linux-gnueabi-ar'
AUTOCONF='${SHELL} /home/rdp/work/project/dm3730/rong/antlr3/missing --run autoconf'
AUTOHEADER='${SHELL} /home/rdp/work/project/dm3730/rong/antlr3/missing --run autoheader'
AUTOMAKE='${SHELL} /home/rdp/work/project/dm3730/rong/antlr3/missing --run automake-1.11'
AWK='gawk'
CC='arm-none-linux-gnueabi-gcc'
CCDEPMODE='depmode=gcc3'
CFLAGS='  -O  '
CPP='arm-none-linux-gnueabi-gcc -E'
CPPFLAGS=''
CYGPATH_W='echo'
DEFS='-DHAVE_CONFIG_H'
DEPDIR='.deps'
DLLTOOL='false'
DSYMUTIL=''
DUMPBIN=''
ECHO_C=''
ECHO_N='-n'
ECHO_T=''
EGREP='/bin/grep -E'
EXEEXT=''
FGREP='/bin/grep -F'
GREP='/bin/grep'
INSTALL_DATA='${INSTALL} -m 644'
INSTALL_PROGRAM='${INSTALL}'
INSTALL_SCRIPT='${INSTALL}'
INSTALL_STRIP_PROGRAM='$(install_sh) -c -s'
LD='/home/rdp/work/project/dm3730/arm-2009q1/arm-none-linux-gnueabi/bin/ld'
LDFLAGS=''
LIBOBJS=''
LIBS=''
LIBTOOL='$(SHELL) $(top_builddir)/libtool'
LIPO=''
LN_S='ln -s'
LTLIBOBJS=''
MAINT='#'
MAINTAINER_MODE_FALSE=''
MAINTAINER_MODE_TRUE='#'
MAKEINFO='${SHELL} /home/rdp/work/project/dm3730/rong/antlr3/missing --run makeinfo'
MANIFEST_TOOL=':'
MKDIR_P='/bin/mkdir -p'
NM='/home/rdp/work/project/dm3730/arm-2009q1/bin/arm-none-linux-gnueabi-nm -B'
NMEDIT=''
OBJDUMP='arm-none-linux-gnueabi-objdump'
OBJECT_MODE=''
OBJEXT='o'
OTOOL64=''
OTOOL=''
PACKAGE='libantlr3c'
PACKAGE_BUGREPORT='jimi@temporal-wave.com'
PACKAGE_NAME='libantlr3c'
PACKAGE_STRING='libantlr3c 3.4-beta3'
PACKAGE_TARNAME='libantlr3c'
PACKAGE_URL=''
PACKAGE_VERSION='3.4-beta3'
PATH_SEPARATOR=':'
RANLIB='arm-none-linux-gnueabi-ranlib'
SED='/bin/sed'
SET_MAKE=''
SHELL='/bin/bash'
STRIP='arm-none-linux-gnueabi-strip'
VERSION='3.4-beta3'
ac_ct_AR=''
ac_ct_CC=''
ac_ct_DUMPBIN=''
am__EXEEXT_FALSE=''
am__EXEEXT_TRUE='#'
am__fastdepCC_FALSE='#'
am__fastdepCC_TRUE=''
am__include='include'
am__isrc=''
am__leading_dot='.'
am__nodep='_no'
am__quote=''
am__tar='$${TAR-tar} chof - "$$tardir"'
am__untar='$${TAR-tar} xf -'
bindir='${exec_prefix}/bin'
build='x86_64-unknown-linux-gnu'
build_alias=''
build_cpu='x86_64'
build_os='linux-gnu'
build_vendor='unknown'
datadir='${datarootdir}'
datarootdir='${prefix}/share'
docdir='${datarootdir}/doc/${PACKAGE_TARNAME}'
dvidir='${docdir}'
exec_prefix='${prefix}'
host='arm-none-linux-gnueabi'
host_alias='arm-none-linux-gnueabi'
host_cpu='arm'
host_os='linux-gnueabi'
host_vendor='none'
htmldir='${docdir}'
includedir='${prefix}/include'
infodir='${datarootdir}/info'
install_sh='${SHELL} /home/rdp/work/project/dm3730/rong/antlr3/install-sh'
libdir='${exec_prefix}/lib'
libexecdir='${exec_prefix}/libexec'
localedir='${datarootdir}/locale'
localstatedir='${prefix}/var'
mandir='${datarootdir}/man'
mkdir_p='/bin/mkdir -p'
oldincludedir='/usr/include'
pdfdir='${docdir}'
prefix='/home/rdp/sipvg'
program_transform_name='s,x,x,'
psdir='${docdir}'
sbindir='${exec_prefix}/sbin'
sharedstatedir='${prefix}/com'
sysconfdir='/etc'
target_alias=''

## ----------- ##
## confdefs.h. ##
## ----------- ##

/* confdefs.h */
#define PACKAGE_NAME "libantlr3c"
#define PACKAGE_TARNAME "libantlr3c"
#define PACKAGE_VERSION "3.4-beta3"
#define PACKAGE_STRING "libantlr3c 3.4-beta3"
#define PACKAGE_BUGREPORT "jimi@temporal-wave.com"
#define PACKAGE_URL ""
#define PACKAGE "libantlr3c"
#define VERSION "3.4-beta3"
#define STDC_HEADERS 1
#define HAVE_SYS_TYPES_H 1
#define HAVE_SYS_STAT_H 1
#define HAVE_STDLIB_H 1
#define HAVE_STRING_H 1
#define HAVE_MEMORY_H 1
#define HAVE_STRINGS_H 1
#define HAVE_INTTYPES_H 1
#define HAVE_STDINT_H 1
#define HAVE_UNISTD_H 1
#define HAVE_DLFCN_H 1
#define LT_OBJDIR ".libs/"
#define ANTLR3_NODEBUGGER 1
#define HAVE_SYS_TYPES_H 1
#define HAVE_NETINET_IN_H 1
#define HAVE_ARPA_NAMESER_H 1
#define HAVE_NETDB_H 1
#define HAVE_RESOLV_H 1
#define HAVE_MALLOC_H 1
#define HAVE_STDARG_H 1
#define HAVE_SYS_STAT_H 1
#define HAVE_CTYPE_H 1
#define HAVE_NETINET_TCP_H 1
#define HAVE_SYS_SOCKET_H 1
#define HAVE_INTPTR_T 1
#define HAVE_UINTPTR_T 1
#define HAVE_MEMMOVE 1
#define HAVE_MEMSET 1
#define HAVE_STRDUP 1
#define HAVE_ACCEPT 1

configure: exit 0
