This file contains any messages produced by compilers while
running configure, to aid debugging if configure makes a mistake.

It was created by belle-sip configure 1.2.4, which was
generated by GNU Autoconf 2.68.  Invocation command line was

  $ ./configure --prefix=/home/rdp/sipvg --host=arm-none-linux-gnueabi --with-antlr=/home/rdp/sipvg

## --------- ##
## Platform. ##
## --------- ##

hostname = rdp-virtual-machine
uname -m = x86_64
uname -r = 3.13.0-32-generic
uname -s = Linux
uname -v = #57-Ubuntu SMP Tue Jul 15 03:51:08 UTC 2014

/usr/bin/uname -p = unknown
/bin/uname -X     = unknown

/bin/arch              = unknown
/usr/bin/arch -k       = unknown
/usr/convex/getsysinfo = unknown
/usr/bin/hostinfo      = unknown
/bin/machine           = unknown
/usr/bin/oslevel       = unknown
/bin/universe          = unknown

PATH: /usr/local/sbin
PATH: /usr/local/bin
PATH: /usr/sbin
PATH: /usr/bin
PATH: /sbin
PATH: /bin
PATH: /usr/games
PATH: /usr/local/games
PATH: /home/rdp/work/arm-2009q1/bin


## ----------- ##
## Core tests. ##
## ----------- ##

configure:2464: checking build system type
configure:2478: result: x86_64-unknown-linux-gnu
configure:2498: checking host system type
configure:2511: result: arm-none-linux-gnueabi
configure:2531: checking target system type
configure:2544: result: arm-none-linux-gnueabi
configure:2583: checking for arm-none-linux-gnueabi-pkg-config
configure:2616: result: no
configure:2626: checking for pkg-config
configure:2644: found /usr/bin/pkg-config
configure:2656: result: /usr/bin/pkg-config
configure:2681: checking pkg-config is at least version 0.9.0
configure:2684: result: yes
configure:2709: checking for a BSD-compatible install
configure:2777: result: /usr/bin/install -c
configure:2788: checking whether build environment is sane
configure:2838: result: yes
configure:2887: checking for arm-none-linux-gnueabi-strip
configure:2903: found /home/rdp/work/arm-2009q1/bin/arm-none-linux-gnueabi-strip
configure:2914: result: arm-none-linux-gnueabi-strip
configure:2979: checking for a thread-safe mkdir -p
configure:3018: result: /bin/mkdir -p
configure:3031: checking for gawk
configure:3061: result: no
configure:3031: checking for mawk
configure:3047: found /usr/bin/mawk
configure:3058: result: mawk
configure:3069: checking whether make sets $(MAKE)
configure:3091: result: yes
configure:3182: checking whether make supports nested variables
configure:3199: result: yes
configure:3220: checking for arm-none-linux-gnueabi-gcc
configure:3236: found /home/rdp/work/arm-2009q1/bin/arm-none-linux-gnueabi-gcc
configure:3247: result: arm-none-linux-gnueabi-gcc
configure:3516: checking for C compiler version
configure:3525: arm-none-linux-gnueabi-gcc --version >&5
arm-none-linux-gnueabi-gcc (Sourcery G++ Lite 2009q1-203) 4.3.3
Copyright (C) 2008 Free Software Foundation, Inc.
This is free software; see the source for copying conditions.  There is NO
warranty; not even for MERCHANTABILITY or FITNESS FOR A PARTICULAR PURPOSE.

configure:3536: $? = 0
configure:3525: arm-none-linux-gnueabi-gcc -v >&5
Using built-in specs.
Target: arm-none-linux-gnueabi
Configured with: /scratch/mitchell/builds/4.3-arm-none-linux-gnueabi-respin/src/gcc-4.3/configure --build=i686-pc-linux-gnu --host=i686-pc-linux-gnu --target=arm-none-linux-gnueabi --enable-threads --disable-libmudflap --disable-libssp --disable-libstdcxx-pch --with-gnu-as --with-gnu-ld --with-specs='%{funwind-tables|fno-unwind-tables|mabi=*|ffreestanding|nostdlib:;:-funwind-tables}' --enable-languages=c,c++ --enable-shared --enable-symvers=gnu --enable-__cxa_atexit --with-pkgversion='Sourcery G++ Lite 2009q1-203' --with-bugurl=https://support.codesourcery.com/GNUToolchain/ --disable-nls --prefix=/opt/codesourcery --with-sysroot=/opt/codesourcery/arm-none-linux-gnueabi/libc --with-build-sysroot=/scratch/mitchell/builds/4.3-arm-none-linux-gnueabi-respin/lite/install/arm-none-linux-gnueabi/libc --with-gmp=/scratch/mitchell/builds/4.3-arm-none-linux-gnueabi-respin/lite/obj/host-libs-2009q1-203-arm-none-linux-gnueabi-i686-pc-linux-gnu/usr --with-mpfr=/scratch/mitchell/builds/4.3-arm-none-linux-gnueabi-respin/lite/obj/host-libs-2009q1-203-arm-none-linux-gnueabi-i686-pc-linux-gnu/usr --disable-libgomp --enable-poison-system-directories --with-build-time-tools=/scratch/mitchell/builds/4.3-arm-none-linux-gnueabi-respin/lite/install/arm-none-linux-gnueabi/bin --with-build-time-tools=/scratch/mitchell/builds/4.3-arm-none-linux-gnueabi-respin/lite/install/arm-none-linux-gnueabi/bin
Thread model: posix
gcc version 4.3.3 (Sourcery G++ Lite 2009q1-203) 
configure:3536: $? = 0
configure:3525: arm-none-linux-gnueabi-gcc -V >&5
arm-none-linux-gnueabi-gcc: '-V' option must have argument
configure:3536: $? = 1
configure:3525: arm-none-linux-gnueabi-gcc -qversion >&5
arm-none-linux-gnueabi-gcc: unrecognized option '-qversion'
arm-none-linux-gnueabi-gcc: no input files
configure:3536: $? = 1
configure:3556: checking whether the C compiler works
configure:3578: arm-none-linux-gnueabi-gcc    conftest.c  >&5
configure:3582: $? = 0
configure:3630: result: yes
configure:3633: checking for C compiler default output file name
configure:3635: result: a.out
configure:3641: checking for suffix of executables
configure:3648: arm-none-linux-gnueabi-gcc -o conftest    conftest.c  >&5
configure:3652: $? = 0
configure:3674: result: 
configure:3696: checking whether we are cross compiling
configure:3704: arm-none-linux-gnueabi-gcc -o conftest    conftest.c  >&5
configure:3708: $? = 0
configure:3715: ./conftest
./configure: line 3717: ./conftest: cannot execute binary file: Exec format error
configure:3719: $? = 126
configure:3734: result: yes
configure:3739: checking for suffix of object files
configure:3761: arm-none-linux-gnueabi-gcc -c   conftest.c >&5
configure:3765: $? = 0
configure:3786: result: o
configure:3790: checking whether we are using the GNU C compiler
configure:3809: arm-none-linux-gnueabi-gcc -c   conftest.c >&5
configure:3809: $? = 0
configure:3818: result: yes
configure:3827: checking whether arm-none-linux-gnueabi-gcc accepts -g
configure:3847: arm-none-linux-gnueabi-gcc -c -g  conftest.c >&5
configure:3847: $? = 0
configure:3888: result: yes
configure:3905: checking for arm-none-linux-gnueabi-gcc option to accept ISO C89
configure:3969: arm-none-linux-gnueabi-gcc  -c -g -O2  conftest.c >&5
configure:3969: $? = 0
configure:3982: result: none needed
configure:4013: checking for style of include used by make
configure:4041: result: GNU
configure:4067: checking dependency style of arm-none-linux-gnueabi-gcc
configure:4178: result: gcc3
configure:4207: checking for arm-none-linux-gnueabi-g++
configure:4223: found /home/rdp/work/arm-2009q1/bin/arm-none-linux-gnueabi-g++
configure:4234: result: arm-none-linux-gnueabi-g++
configure:4305: checking for C++ compiler version
configure:4314: arm-none-linux-gnueabi-g++ --version >&5
arm-none-linux-gnueabi-g++ (Sourcery G++ Lite 2009q1-203) 4.3.3
Copyright (C) 2008 Free Software Foundation, Inc.
This is free software; see the source for copying conditions.  There is NO
warranty; not even for MERCHANTABILITY or FITNESS FOR A PARTICULAR PURPOSE.

configure:4325: $? = 0
configure:4314: arm-none-linux-gnueabi-g++ -v >&5
Using built-in specs.
Target: arm-none-linux-gnueabi
Configured with: /scratch/mitchell/builds/4.3-arm-none-linux-gnueabi-respin/src/gcc-4.3/configure --build=i686-pc-linux-gnu --host=i686-pc-linux-gnu --target=arm-none-linux-gnueabi --enable-threads --disable-libmudflap --disable-libssp --disable-libstdcxx-pch --with-gnu-as --with-gnu-ld --with-specs='%{funwind-tables|fno-unwind-tables|mabi=*|ffreestanding|nostdlib:;:-funwind-tables}' --enable-languages=c,c++ --enable-shared --enable-symvers=gnu --enable-__cxa_atexit --with-pkgversion='Sourcery G++ Lite 2009q1-203' --with-bugurl=https://support.codesourcery.com/GNUToolchain/ --disable-nls --prefix=/opt/codesourcery --with-sysroot=/opt/codesourcery/arm-none-linux-gnueabi/libc --with-build-sysroot=/scratch/mitchell/builds/4.3-arm-none-linux-gnueabi-respin/lite/install/arm-none-linux-gnueabi/libc --with-gmp=/scratch/mitchell/builds/4.3-arm-none-linux-gnueabi-respin/lite/obj/host-libs-2009q1-203-arm-none-linux-gnueabi-i686-pc-linux-gnu/usr --with-mpfr=/scratch/mitchell/builds/4.3-arm-none-linux-gnueabi-respin/lite/obj/host-libs-2009q1-203-arm-none-linux-gnueabi-i686-pc-linux-gnu/usr --disable-libgomp --enable-poison-system-directories --with-build-time-tools=/scratch/mitchell/builds/4.3-arm-none-linux-gnueabi-respin/lite/install/arm-none-linux-gnueabi/bin --with-build-time-tools=/scratch/mitchell/builds/4.3-arm-none-linux-gnueabi-respin/lite/install/arm-none-linux-gnueabi/bin
Thread model: posix
gcc version 4.3.3 (Sourcery G++ Lite 2009q1-203) 
configure:4325: $? = 0
configure:4314: arm-none-linux-gnueabi-g++ -V >&5
arm-none-linux-gnueabi-g++: '-V' option must have argument
configure:4325: $? = 1
configure:4314: arm-none-linux-gnueabi-g++ -qversion >&5
arm-none-linux-gnueabi-g++: unrecognized option '-qversion'
arm-none-linux-gnueabi-g++: no input files
configure:4325: $? = 1
configure:4329: checking whether we are using the GNU C++ compiler
configure:4348: arm-none-linux-gnueabi-g++ -c   conftest.cpp >&5
configure:4348: $? = 0
configure:4357: result: yes
configure:4366: checking whether arm-none-linux-gnueabi-g++ accepts -g
configure:4386: arm-none-linux-gnueabi-g++ -c -g  conftest.cpp >&5
configure:4386: $? = 0
configure:4427: result: yes
configure:4452: checking dependency style of arm-none-linux-gnueabi-g++
configure:4563: result: gcc3
configure:4579: checking whether arm-none-linux-gnueabi-gcc and cc understand -c and -o together
configure:4610: arm-none-linux-gnueabi-gcc -c conftest.c -o conftest2.o >&5
configure:4614: $? = 0
configure:4620: arm-none-linux-gnueabi-gcc -c conftest.c -o conftest2.o >&5
configure:4624: $? = 0
configure:4635: cc -c conftest.c >&5
configure:4639: $? = 0
configure:4647: cc -c conftest.c -o conftest2.o >&5
configure:4651: $? = 0
configure:4657: cc -c conftest.c -o conftest2.o >&5
configure:4661: $? = 0
configure:4679: result: yes
configure:4751: checking how to print strings
configure:4778: result: printf
configure:4799: checking for a sed that does not truncate output
configure:4863: result: /bin/sed
configure:4881: checking for grep that handles long lines and -e
configure:4939: result: /bin/grep
configure:4944: checking for egrep
configure:5006: result: /bin/grep -E
configure:5011: checking for fgrep
configure:5073: result: /bin/grep -F
configure:5108: checking for ld used by arm-none-linux-gnueabi-gcc
configure:5175: result: /home/rdp/work/arm-2009q1/arm-none-linux-gnueabi/bin/ld
configure:5182: checking if the linker (/home/rdp/work/arm-2009q1/arm-none-linux-gnueabi/bin/ld) is GNU ld
configure:5197: result: yes
configure:5209: checking for BSD- or MS-compatible name lister (nm)
configure:5258: result: /home/rdp/work/arm-2009q1/bin/arm-none-linux-gnueabi-nm -B
configure:5388: checking the name lister (/home/rdp/work/arm-2009q1/bin/arm-none-linux-gnueabi-nm -B) interface
configure:5395: arm-none-linux-gnueabi-gcc -c -g -O2  conftest.c >&5
configure:5398: /home/rdp/work/arm-2009q1/bin/arm-none-linux-gnueabi-nm -B "conftest.o"
configure:5401: output
00000000 B some_variable
configure:5408: result: BSD nm
configure:5411: checking whether ln -s works
configure:5415: result: yes
configure:5423: checking the maximum length of command line arguments
configure:5553: result: 1572864
configure:5570: checking whether the shell understands some XSI constructs
configure:5580: result: yes
configure:5584: checking whether the shell understands "+="
configure:5590: result: yes
configure:5625: checking how to convert x86_64-unknown-linux-gnu file names to arm-none-linux-gnueabi format
configure:5665: result: func_convert_file_noop
configure:5672: checking how to convert x86_64-unknown-linux-gnu file names to toolchain format
configure:5692: result: func_convert_file_noop
configure:5699: checking for /home/rdp/work/arm-2009q1/arm-none-linux-gnueabi/bin/ld option to reload object files
configure:5706: result: -r
configure:5740: checking for arm-none-linux-gnueabi-objdump
configure:5756: found /home/rdp/work/arm-2009q1/bin/arm-none-linux-gnueabi-objdump
configure:5767: result: arm-none-linux-gnueabi-objdump
configure:5836: checking how to recognize dependent libraries
configure:6038: result: pass_all
configure:6083: checking for arm-none-linux-gnueabi-dlltool
configure:6113: result: no
configure:6123: checking for dlltool
configure:6153: result: no
configure:6180: checking how to associate runtime and link libraries
configure:6207: result: printf %s\n
configure:6224: checking for arm-none-linux-gnueabi-ar
configure:6240: found /home/rdp/work/arm-2009q1/bin/arm-none-linux-gnueabi-ar
configure:6251: result: arm-none-linux-gnueabi-ar
configure:6332: checking for archiver @FILE support
configure:6349: arm-none-linux-gnueabi-gcc -c -g -O2  conftest.c >&5
configure:6349: $? = 0
configure:6352: arm-none-linux-gnueabi-ar cru libconftest.a @conftest.lst >&5
configure:6355: $? = 0
configure:6360: arm-none-linux-gnueabi-ar cru libconftest.a @conftest.lst >&5
arm-none-linux-gnueabi-ar: conftest.o: No such file or directory
configure:6363: $? = 1
configure:6375: result: @
configure:6393: checking for arm-none-linux-gnueabi-strip
configure:6420: result: arm-none-linux-gnueabi-strip
configure:6492: checking for arm-none-linux-gnueabi-ranlib
configure:6508: found /home/rdp/work/arm-2009q1/bin/arm-none-linux-gnueabi-ranlib
configure:6519: result: arm-none-linux-gnueabi-ranlib
configure:6661: checking command to parse /home/rdp/work/arm-2009q1/bin/arm-none-linux-gnueabi-nm -B output from arm-none-linux-gnueabi-gcc object
configure:6781: arm-none-linux-gnueabi-gcc -c -g -O2  conftest.c >&5
configure:6784: $? = 0
configure:6788: /home/rdp/work/arm-2009q1/bin/arm-none-linux-gnueabi-nm -B conftest.o \| sed -n -e 's/^.*[ ]\([ABCDGIRSTW][ABCDGIRSTW]*\)[ ][ ]*\([_A-Za-z][_A-Za-z0-9]*\)$/\1 \2 \2/p' | sed '/ __gnu_lto/d' \> conftest.nm
configure:6791: $? = 0
configure:6857: arm-none-linux-gnueabi-gcc -o conftest -g -O2   conftest.c conftstm.o >&5
configure:6860: $? = 0
configure:6898: result: ok
configure:6935: checking for sysroot
configure:6965: result: no
configure:7181: checking for arm-none-linux-gnueabi-mt
configure:7211: result: no
configure:7221: checking for mt
configure:7237: found /bin/mt
configure:7248: result: mt
configure:7260: WARNING: using cross tools not prefixed with host triplet
configure:7271: checking if mt is a manifest tool
configure:7277: mt '-?'
configure:7285: result: no
configure:7927: checking how to run the C preprocessor
configure:7958: arm-none-linux-gnueabi-gcc -E  conftest.c
configure:7958: $? = 0
configure:7972: arm-none-linux-gnueabi-gcc -E  conftest.c
conftest.c:11:28: error: ac_nonexistent.h: No such file or directory
configure:7972: $? = 1
configure: failed program was:
| /* confdefs.h */
| #define PACKAGE_NAME "belle-sip"
| #define PACKAGE_TARNAME "belle-sip"
| #define PACKAGE_VERSION "1.2.4"
| #define PACKAGE_STRING "belle-sip 1.2.4"
| #define PACKAGE_BUGREPORT "jehan.monnier@linphone.org"
| #define PACKAGE_URL ""
| #define PACKAGE "belle-sip"
| #define VERSION "1.2.4"
| /* end confdefs.h.  */
| #include <ac_nonexistent.h>
configure:7997: result: arm-none-linux-gnueabi-gcc -E
configure:8017: arm-none-linux-gnueabi-gcc -E  conftest.c
configure:8017: $? = 0
configure:8031: arm-none-linux-gnueabi-gcc -E  conftest.c
conftest.c:11:28: error: ac_nonexistent.h: No such file or directory
configure:8031: $? = 1
configure: failed program was:
| /* confdefs.h */
| #define PACKAGE_NAME "belle-sip"
| #define PACKAGE_TARNAME "belle-sip"
| #define PACKAGE_VERSION "1.2.4"
| #define PACKAGE_STRING "belle-sip 1.2.4"
| #define PACKAGE_BUGREPORT "jehan.monnier@linphone.org"
| #define PACKAGE_URL ""
| #define PACKAGE "belle-sip"
| #define VERSION "1.2.4"
| /* end confdefs.h.  */
| #include <ac_nonexistent.h>
configure:8060: checking for ANSI C header files
configure:8080: arm-none-linux-gnueabi-gcc -c -g -O2  conftest.c >&5
configure:8080: $? = 0
configure:8164: result: yes
configure:8177: checking for sys/types.h
configure:8177: arm-none-linux-gnueabi-gcc -c -g -O2  conftest.c >&5
configure:8177: $? = 0
configure:8177: result: yes
configure:8177: checking for sys/stat.h
configure:8177: arm-none-linux-gnueabi-gcc -c -g -O2  conftest.c >&5
configure:8177: $? = 0
configure:8177: result: yes
configure:8177: checking for stdlib.h
configure:8177: arm-none-linux-gnueabi-gcc -c -g -O2  conftest.c >&5
configure:8177: $? = 0
configure:8177: result: yes
configure:8177: checking for string.h
configure:8177: arm-none-linux-gnueabi-gcc -c -g -O2  conftest.c >&5
configure:8177: $? = 0
configure:8177: result: yes
configure:8177: checking for memory.h
configure:8177: arm-none-linux-gnueabi-gcc -c -g -O2  conftest.c >&5
configure:8177: $? = 0
configure:8177: result: yes
configure:8177: checking for strings.h
configure:8177: arm-none-linux-gnueabi-gcc -c -g -O2  conftest.c >&5
configure:8177: $? = 0
configure:8177: result: yes
configure:8177: checking for inttypes.h
configure:8177: arm-none-linux-gnueabi-gcc -c -g -O2  conftest.c >&5
configure:8177: $? = 0
configure:8177: result: yes
configure:8177: checking for stdint.h
configure:8177: arm-none-linux-gnueabi-gcc -c -g -O2  conftest.c >&5
configure:8177: $? = 0
configure:8177: result: yes
configure:8177: checking for unistd.h
configure:8177: arm-none-linux-gnueabi-gcc -c -g -O2  conftest.c >&5
configure:8177: $? = 0
configure:8177: result: yes
configure:8191: checking for dlfcn.h
configure:8191: arm-none-linux-gnueabi-gcc -c -g -O2  conftest.c >&5
configure:8191: $? = 0
configure:8191: result: yes
configure:8706: checking for objdir
configure:8721: result: .libs
configure:8988: checking if arm-none-linux-gnueabi-gcc supports -fno-rtti -fno-exceptions
configure:9006: arm-none-linux-gnueabi-gcc -c -g -O2  -fno-rtti -fno-exceptions conftest.c >&5
cc1: warning: command line option "-fno-rtti" is valid for C++/ObjC++ but not for C
configure:9010: $? = 0
configure:9023: result: no
configure:9350: checking for arm-none-linux-gnueabi-gcc option to produce PIC
configure:9357: result: -fPIC -DPIC
configure:9365: checking if arm-none-linux-gnueabi-gcc PIC flag -fPIC -DPIC works
configure:9383: arm-none-linux-gnueabi-gcc -c -g -O2  -fPIC -DPIC -DPIC conftest.c >&5
configure:9387: $? = 0
configure:9400: result: yes
configure:9429: checking if arm-none-linux-gnueabi-gcc static flag -static works
configure:9457: result: yes
configure:9472: checking if arm-none-linux-gnueabi-gcc supports -c -o file.o
configure:9493: arm-none-linux-gnueabi-gcc -c -g -O2  -o out/conftest2.o conftest.c >&5
configure:9497: $? = 0
configure:9519: result: yes
configure:9527: checking if arm-none-linux-gnueabi-gcc supports -c -o file.o
configure:9574: result: yes
configure:9607: checking whether the arm-none-linux-gnueabi-gcc linker (/home/rdp/work/arm-2009q1/arm-none-linux-gnueabi/bin/ld) supports shared libraries
configure:10764: result: yes
configure:10801: checking whether -lc should be explicitly linked in
configure:10809: arm-none-linux-gnueabi-gcc -c -g -O2  conftest.c >&5
configure:10812: $? = 0
configure:10827: arm-none-linux-gnueabi-gcc -shared  -fPIC -DPIC conftest.o  -v -Wl,-soname -Wl,conftest -o conftest 2\>\&1 \| /bin/grep  -lc  \>/dev/null 2\>\&1
configure:10830: $? = 0
configure:10844: result: no
configure:11004: checking dynamic linker characteristics
configure:11515: arm-none-linux-gnueabi-gcc -o conftest -g -O2   -Wl,-rpath -Wl,/foo conftest.c  >&5
configure:11515: $? = 0
configure:11749: result: GNU/Linux ld.so
configure:11856: checking how to hardcode library paths into programs
configure:11881: result: immediate
configure:12421: checking whether stripping libraries is possible
configure:12426: result: yes
configure:12461: checking if libtool supports shared libraries
configure:12463: result: yes
configure:12466: checking whether to build shared libraries
configure:12487: result: yes
configure:12490: checking whether to build static libraries
configure:12494: result: yes
configure:12517: checking how to run the C++ preprocessor
configure:12544: arm-none-linux-gnueabi-g++ -E  conftest.cpp
configure:12544: $? = 0
configure:12558: arm-none-linux-gnueabi-g++ -E  conftest.cpp
conftest.cpp:23:28: error: ac_nonexistent.h: No such file or directory
configure:12558: $? = 1
configure: failed program was:
| /* confdefs.h */
| #define PACKAGE_NAME "belle-sip"
| #define PACKAGE_TARNAME "belle-sip"
| #define PACKAGE_VERSION "1.2.4"
| #define PACKAGE_STRING "belle-sip 1.2.4"
| #define PACKAGE_BUGREPORT "jehan.monnier@linphone.org"
| #define PACKAGE_URL ""
| #define PACKAGE "belle-sip"
| #define VERSION "1.2.4"
| #define STDC_HEADERS 1
| #define HAVE_SYS_TYPES_H 1
| #define HAVE_SYS_STAT_H 1
| #define HAVE_STDLIB_H 1
| #define HAVE_STRING_H 1
| #define HAVE_MEMORY_H 1
| #define HAVE_STRINGS_H 1
| #define HAVE_INTTYPES_H 1
| #define HAVE_STDINT_H 1
| #define HAVE_UNISTD_H 1
| #define HAVE_DLFCN_H 1
| #define LT_OBJDIR ".libs/"
| /* end confdefs.h.  */
| #include <ac_nonexistent.h>
configure:12583: result: arm-none-linux-gnueabi-g++ -E
configure:12603: arm-none-linux-gnueabi-g++ -E  conftest.cpp
configure:12603: $? = 0
configure:12617: arm-none-linux-gnueabi-g++ -E  conftest.cpp
conftest.cpp:23:28: error: ac_nonexistent.h: No such file or directory
configure:12617: $? = 1
configure: failed program was:
| /* confdefs.h */
| #define PACKAGE_NAME "belle-sip"
| #define PACKAGE_TARNAME "belle-sip"
| #define PACKAGE_VERSION "1.2.4"
| #define PACKAGE_STRING "belle-sip 1.2.4"
| #define PACKAGE_BUGREPORT "jehan.monnier@linphone.org"
| #define PACKAGE_URL ""
| #define PACKAGE "belle-sip"
| #define VERSION "1.2.4"
| #define STDC_HEADERS 1
| #define HAVE_SYS_TYPES_H 1
| #define HAVE_SYS_STAT_H 1
| #define HAVE_STDLIB_H 1
| #define HAVE_STRING_H 1
| #define HAVE_MEMORY_H 1
| #define HAVE_STRINGS_H 1
| #define HAVE_INTTYPES_H 1
| #define HAVE_STDINT_H 1
| #define HAVE_UNISTD_H 1
| #define HAVE_DLFCN_H 1
| #define LT_OBJDIR ".libs/"
| /* end confdefs.h.  */
| #include <ac_nonexistent.h>
configure:12786: checking for ld used by arm-none-linux-gnueabi-g++
configure:12853: result: /home/rdp/work/arm-2009q1/arm-none-linux-gnueabi/bin/ld
configure:12860: checking if the linker (/home/rdp/work/arm-2009q1/arm-none-linux-gnueabi/bin/ld) is GNU ld
configure:12875: result: yes
configure:12930: checking whether the arm-none-linux-gnueabi-g++ linker (/home/rdp/work/arm-2009q1/arm-none-linux-gnueabi/bin/ld) supports shared libraries
configure:13935: result: yes
configure:13971: arm-none-linux-gnueabi-g++ -c -g -O2  conftest.cpp >&5
configure:13974: $? = 0
configure:14494: checking for arm-none-linux-gnueabi-g++ option to produce PIC
configure:14501: result: -fPIC -DPIC
configure:14509: checking if arm-none-linux-gnueabi-g++ PIC flag -fPIC -DPIC works
configure:14527: arm-none-linux-gnueabi-g++ -c -g -O2  -fPIC -DPIC -DPIC conftest.cpp >&5
configure:14531: $? = 0
configure:14544: result: yes
configure:14567: checking if arm-none-linux-gnueabi-g++ static flag -static works
configure:14595: result: yes
configure:14607: checking if arm-none-linux-gnueabi-g++ supports -c -o file.o
configure:14628: arm-none-linux-gnueabi-g++ -c -g -O2  -o out/conftest2.o conftest.cpp >&5
configure:14632: $? = 0
configure:14654: result: yes
configure:14659: checking if arm-none-linux-gnueabi-g++ supports -c -o file.o
configure:14706: result: yes
configure:14736: checking whether the arm-none-linux-gnueabi-g++ linker (/home/rdp/work/arm-2009q1/arm-none-linux-gnueabi/bin/ld) supports shared libraries
configure:14775: result: yes
configure:14916: checking dynamic linker characteristics
configure:15595: result: GNU/Linux ld.so
configure:15648: checking how to hardcode library paths into programs
configure:15673: result: immediate
configure:15803: checking antlr3.h usability
configure:15803: arm-none-linux-gnueabi-gcc -c -g -O2 -fms-extensions -g  -I/home/rdp/sipvg/include conftest.c >&5
In file included from /home/rdp/sipvg/include/antlr3defs.h:246,
                 from /home/rdp/sipvg/include/antlr3.h:33,
                 from conftest.c:56:
/home/rdp/sipvg/include/antlr3config.h:96:1: warning: "PACKAGE" redefined
conftest.c:8:1: warning: this is the location of the previous definition
/home/rdp/sipvg/include/antlr3config.h:99:1: warning: "PACKAGE_BUGREPORT" redefined
conftest.c:6:1: warning: this is the location of the previous definition
/home/rdp/sipvg/include/antlr3config.h:102:1: warning: "PACKAGE_NAME" redefined
conftest.c:2:1: warning: this is the location of the previous definition
/home/rdp/sipvg/include/antlr3config.h:105:1: warning: "PACKAGE_STRING" redefined
conftest.c:5:1: warning: this is the location of the previous definition
/home/rdp/sipvg/include/antlr3config.h:108:1: warning: "PACKAGE_TARNAME" redefined
conftest.c:3:1: warning: this is the location of the previous definition
/home/rdp/sipvg/include/antlr3config.h:114:1: warning: "PACKAGE_VERSION" redefined
conftest.c:4:1: warning: this is the location of the previous definition
/home/rdp/sipvg/include/antlr3config.h:120:1: warning: "VERSION" redefined
conftest.c:9:1: warning: this is the location of the previous definition
configure:15803: $? = 0
configure:15803: result: yes
configure:15803: checking antlr3.h presence
configure:15803: arm-none-linux-gnueabi-gcc -E  -I/home/rdp/sipvg/include conftest.c
In file included from /home/rdp/sipvg/include/antlr3defs.h:246,
                 from /home/rdp/sipvg/include/antlr3.h:33,
                 from conftest.c:23:
/home/rdp/sipvg/include/antlr3config.h:96:1: warning: "PACKAGE" redefined
conftest.c:8:1: warning: this is the location of the previous definition
/home/rdp/sipvg/include/antlr3config.h:99:1: warning: "PACKAGE_BUGREPORT" redefined
conftest.c:6:1: warning: this is the location of the previous definition
/home/rdp/sipvg/include/antlr3config.h:102:1: warning: "PACKAGE_NAME" redefined
conftest.c:2:1: warning: this is the location of the previous definition
/home/rdp/sipvg/include/antlr3config.h:105:1: warning: "PACKAGE_STRING" redefined
conftest.c:5:1: warning: this is the location of the previous definition
/home/rdp/sipvg/include/antlr3config.h:108:1: warning: "PACKAGE_TARNAME" redefined
conftest.c:3:1: warning: this is the location of the previous definition
/home/rdp/sipvg/include/antlr3config.h:114:1: warning: "PACKAGE_VERSION" redefined
conftest.c:4:1: warning: this is the location of the previous definition
/home/rdp/sipvg/include/antlr3config.h:120:1: warning: "VERSION" redefined
conftest.c:9:1: warning: this is the location of the previous definition
configure:15803: $? = 0
configure:15803: result: yes
configure:15803: checking for antlr3.h
configure:15803: result: yes
configure:15813: checking whether antlr3StringStreamNew is declared
configure:15813: arm-none-linux-gnueabi-gcc -c -g -O2 -fms-extensions -g  -I/home/rdp/sipvg/include conftest.c >&5
In file included from /home/rdp/sipvg/include/antlr3defs.h:246,
                 from /home/rdp/sipvg/include/antlr3.h:33,
                 from conftest.c:24:
/home/rdp/sipvg/include/antlr3config.h:96:1: warning: "PACKAGE" redefined
conftest.c:8:1: warning: this is the location of the previous definition
/home/rdp/sipvg/include/antlr3config.h:99:1: warning: "PACKAGE_BUGREPORT" redefined
conftest.c:6:1: warning: this is the location of the previous definition
/home/rdp/sipvg/include/antlr3config.h:102:1: warning: "PACKAGE_NAME" redefined
conftest.c:2:1: warning: this is the location of the previous definition
/home/rdp/sipvg/include/antlr3config.h:105:1: warning: "PACKAGE_STRING" redefined
conftest.c:5:1: warning: this is the location of the previous definition
/home/rdp/sipvg/include/antlr3config.h:108:1: warning: "PACKAGE_TARNAME" redefined
conftest.c:3:1: warning: this is the location of the previous definition
/home/rdp/sipvg/include/antlr3config.h:114:1: warning: "PACKAGE_VERSION" redefined
conftest.c:4:1: warning: this is the location of the previous definition
/home/rdp/sipvg/include/antlr3config.h:120:1: warning: "VERSION" redefined
conftest.c:9:1: warning: this is the location of the previous definition
configure:15813: $? = 0
configure:15813: result: yes
configure:15826: checking whether res_ndestroy is declared
configure:15826: arm-none-linux-gnueabi-gcc -c -g -O2 -fms-extensions -g  -I/home/rdp/sipvg/include conftest.c >&5
conftest.c: In function 'main':
conftest.c:34: error: 'res_ndestroy' undeclared (first use in this function)
conftest.c:34: error: (Each undeclared identifier is reported only once
conftest.c:34: error: for each function it appears in.)
configure:15826: $? = 1
configure: failed program was:
| /* confdefs.h */
| #define PACKAGE_NAME "belle-sip"
| #define PACKAGE_TARNAME "belle-sip"
| #define PACKAGE_VERSION "1.2.4"
| #define PACKAGE_STRING "belle-sip 1.2.4"
| #define PACKAGE_BUGREPORT "jehan.monnier@linphone.org"
| #define PACKAGE_URL ""
| #define PACKAGE "belle-sip"
| #define VERSION "1.2.4"
| #define STDC_HEADERS 1
| #define HAVE_SYS_TYPES_H 1
| #define HAVE_SYS_STAT_H 1
| #define HAVE_STDLIB_H 1
| #define HAVE_STRING_H 1
| #define HAVE_MEMORY_H 1
| #define HAVE_STRINGS_H 1
| #define HAVE_INTTYPES_H 1
| #define HAVE_STDINT_H 1
| #define HAVE_UNISTD_H 1
| #define HAVE_DLFCN_H 1
| #define LT_OBJDIR ".libs/"
| #define HAVE_ANTLR3_H 1
| #define HAVE_ANTLR_STRING_STREAM_NEW 1
| /* end confdefs.h.  */
| #include <resolv.h>
| 
| int
| main ()
| {
| #ifndef res_ndestroy
| #ifdef __cplusplus
|   (void) res_ndestroy;
| #else
|   (void) res_ndestroy;
| #endif
| #endif
| 
|   ;
|   return 0;
| }
configure:15826: result: no
configure:15849: checking for antlr3
configure:15867: found /usr/bin/antlr3
configure:15880: result: /usr/bin/antlr3
configure:15998: checking polarssl/ssl.h usability
configure:15998: arm-none-linux-gnueabi-gcc -c -g -O2 -fms-extensions -g  -I/home/rdp/sipvg/include conftest.c >&5
conftest.c:58:26: error: polarssl/ssl.h: No such file or directory
configure:15998: $? = 1
configure: failed program was:
| /* confdefs.h */
| #define PACKAGE_NAME "belle-sip"
| #define PACKAGE_TARNAME "belle-sip"
| #define PACKAGE_VERSION "1.2.4"
| #define PACKAGE_STRING "belle-sip 1.2.4"
| #define PACKAGE_BUGREPORT "jehan.monnier@linphone.org"
| #define PACKAGE_URL ""
| #define PACKAGE "belle-sip"
| #define VERSION "1.2.4"
| #define STDC_HEADERS 1
| #define HAVE_SYS_TYPES_H 1
| #define HAVE_SYS_STAT_H 1
| #define HAVE_STDLIB_H 1
| #define HAVE_STRING_H 1
| #define HAVE_MEMORY_H 1
| #define HAVE_STRINGS_H 1
| #define HAVE_INTTYPES_H 1
| #define HAVE_STDINT_H 1
| #define HAVE_UNISTD_H 1
| #define HAVE_DLFCN_H 1
| #define LT_OBJDIR ".libs/"
| #define HAVE_ANTLR3_H 1
| #define HAVE_ANTLR_STRING_STREAM_NEW 1
| /* end confdefs.h.  */
| #include <stdio.h>
| #ifdef HAVE_SYS_TYPES_H
| # include <sys/types.h>
| #endif
| #ifdef HAVE_SYS_STAT_H
| # include <sys/stat.h>
| #endif
| #ifdef STDC_HEADERS
| # include <stdlib.h>
| # include <stddef.h>
| #else
| # ifdef HAVE_STDLIB_H
| #  include <stdlib.h>
| # endif
| #endif
| #ifdef HAVE_STRING_H
| # if !defined STDC_HEADERS && defined HAVE_MEMORY_H
| #  include <memory.h>
| # endif
| # include <string.h>
| #endif
| #ifdef HAVE_STRINGS_H
| # include <strings.h>
| #endif
| #ifdef HAVE_INTTYPES_H
| # include <inttypes.h>
| #endif
| #ifdef HAVE_STDINT_H
| # include <stdint.h>
| #endif
| #ifdef HAVE_UNISTD_H
| # include <unistd.h>
| #endif
| #include <polarssl/ssl.h>
configure:15998: result: no
configure:15998: checking polarssl/ssl.h presence
configure:15998: arm-none-linux-gnueabi-gcc -E  -I/home/rdp/sipvg/include conftest.c
conftest.c:25:26: error: polarssl/ssl.h: No such file or directory
configure:15998: $? = 1
configure: failed program was:
| /* confdefs.h */
| #define PACKAGE_NAME "belle-sip"
| #define PACKAGE_TARNAME "belle-sip"
| #define PACKAGE_VERSION "1.2.4"
| #define PACKAGE_STRING "belle-sip 1.2.4"
| #define PACKAGE_BUGREPORT "jehan.monnier@linphone.org"
| #define PACKAGE_URL ""
| #define PACKAGE "belle-sip"
| #define VERSION "1.2.4"
| #define STDC_HEADERS 1
| #define HAVE_SYS_TYPES_H 1
| #define HAVE_SYS_STAT_H 1
| #define HAVE_STDLIB_H 1
| #define HAVE_STRING_H 1
| #define HAVE_MEMORY_H 1
| #define HAVE_STRINGS_H 1
| #define HAVE_INTTYPES_H 1
| #define HAVE_STDINT_H 1
| #define HAVE_UNISTD_H 1
| #define HAVE_DLFCN_H 1
| #define LT_OBJDIR ".libs/"
| #define HAVE_ANTLR3_H 1
| #define HAVE_ANTLR_STRING_STREAM_NEW 1
| /* end confdefs.h.  */
| #include <polarssl/ssl.h>
configure:15998: result: no
configure:15998: checking for polarssl/ssl.h
configure:15998: result: no
configure:16173: checking for CUNIT
configure:16180: $PKG_CONFIG --exists --print-errors "cunit"
Package 'cunit' has no Version: field
configure:16183: $? = 1
configure:16197: $PKG_CONFIG --exists --print-errors "cunit"
Package 'cunit' has no Version: field
configure:16200: $? = 1
configure:16214: result: no
Package 'cunit' has no Version: field
configure:16246: checking CUnit/CUnit.h usability
configure:16246: arm-none-linux-gnueabi-gcc -c -g -O2 -fms-extensions -g  conftest.c >&5
conftest.c:58:25: error: CUnit/CUnit.h: No such file or directory
configure:16246: $? = 1
configure: failed program was:
| /* confdefs.h */
| #define PACKAGE_NAME "belle-sip"
| #define PACKAGE_TARNAME "belle-sip"
| #define PACKAGE_VERSION "1.2.4"
| #define PACKAGE_STRING "belle-sip 1.2.4"
| #define PACKAGE_BUGREPORT "jehan.monnier@linphone.org"
| #define PACKAGE_URL ""
| #define PACKAGE "belle-sip"
| #define VERSION "1.2.4"
| #define STDC_HEADERS 1
| #define HAVE_SYS_TYPES_H 1
| #define HAVE_SYS_STAT_H 1
| #define HAVE_STDLIB_H 1
| #define HAVE_STRING_H 1
| #define HAVE_MEMORY_H 1
| #define HAVE_STRINGS_H 1
| #define HAVE_INTTYPES_H 1
| #define HAVE_STDINT_H 1
| #define HAVE_UNISTD_H 1
| #define HAVE_DLFCN_H 1
| #define LT_OBJDIR ".libs/"
| #define HAVE_ANTLR3_H 1
| #define HAVE_ANTLR_STRING_STREAM_NEW 1
| /* end confdefs.h.  */
| #include <stdio.h>
| #ifdef HAVE_SYS_TYPES_H
| # include <sys/types.h>
| #endif
| #ifdef HAVE_SYS_STAT_H
| # include <sys/stat.h>
| #endif
| #ifdef STDC_HEADERS
| # include <stdlib.h>
| # include <stddef.h>
| #else
| # ifdef HAVE_STDLIB_H
| #  include <stdlib.h>
| # endif
| #endif
| #ifdef HAVE_STRING_H
| # if !defined STDC_HEADERS && defined HAVE_MEMORY_H
| #  include <memory.h>
| # endif
| # include <string.h>
| #endif
| #ifdef HAVE_STRINGS_H
| # include <strings.h>
| #endif
| #ifdef HAVE_INTTYPES_H
| # include <inttypes.h>
| #endif
| #ifdef HAVE_STDINT_H
| # include <stdint.h>
| #endif
| #ifdef HAVE_UNISTD_H
| # include <unistd.h>
| #endif
| #include <CUnit/CUnit.h>
configure:16246: result: no
configure:16246: checking CUnit/CUnit.h presence
configure:16246: arm-none-linux-gnueabi-gcc -E  conftest.c
conftest.c:25:25: error: CUnit/CUnit.h: No such file or directory
configure:16246: $? = 1
configure: failed program was:
| /* confdefs.h */
| #define PACKAGE_NAME "belle-sip"
| #define PACKAGE_TARNAME "belle-sip"
| #define PACKAGE_VERSION "1.2.4"
| #define PACKAGE_STRING "belle-sip 1.2.4"
| #define PACKAGE_BUGREPORT "jehan.monnier@linphone.org"
| #define PACKAGE_URL ""
| #define PACKAGE "belle-sip"
| #define VERSION "1.2.4"
| #define STDC_HEADERS 1
| #define HAVE_SYS_TYPES_H 1
| #define HAVE_SYS_STAT_H 1
| #define HAVE_STDLIB_H 1
| #define HAVE_STRING_H 1
| #define HAVE_MEMORY_H 1
| #define HAVE_STRINGS_H 1
| #define HAVE_INTTYPES_H 1
| #define HAVE_STDINT_H 1
| #define HAVE_UNISTD_H 1
| #define HAVE_DLFCN_H 1
| #define LT_OBJDIR ".libs/"
| #define HAVE_ANTLR3_H 1
| #define HAVE_ANTLR_STRING_STREAM_NEW 1
| /* end confdefs.h.  */
| #include <CUnit/CUnit.h>
configure:16246: result: no
configure:16246: checking for CUnit/CUnit.h
configure:16246: result: no
configure:16317: WARNING: Could not find cunit framework, tests are not compiled.
configure:16438: checking for clock_gettime in -lrt
configure:16463: arm-none-linux-gnueabi-gcc -o conftest -g -O2 -fms-extensions -g   conftest.c -lrt   >&5
configure:16463: $? = 0
configure:16472: result: yes
configure:16483: checking for dlopen in -ldl
configure:16508: arm-none-linux-gnueabi-gcc -o conftest -g -O2 -fms-extensions -g   conftest.c -ldl  -lrt  >&5
configure:16508: $? = 0
configure:16517: result: yes
configure:16678: creating ./config.status

## ---------------------- ##
## Running config.status. ##
## ---------------------- ##

This file was extended by belle-sip config.status 1.2.4, which was
generated by GNU Autoconf 2.68.  Invocation command line was

  CONFIG_FILES    = 
  CONFIG_HEADERS  = 
  CONFIG_LINKS    = 
  CONFIG_COMMANDS = 
  $ ./config.status 

on rdp-virtual-machine

config.status:1194: creating Makefile
config.status:1194: creating include/Makefile
config.status:1194: creating include/belle-sip/Makefile
config.status:1194: creating src/Makefile
config.status:1194: creating tester/Makefile
config.status:1194: creating belle-sip.pc
config.status:1194: creating belle-sip.spec
config.status:1194: creating config.h
config.status:1423: executing depfiles commands
config.status:1423: executing libtool commands

## ---------------- ##
## Cache variables. ##
## ---------------- ##

ac_cv_build=x86_64-unknown-linux-gnu
ac_cv_c_compiler_gnu=yes
ac_cv_cxx_compiler_gnu=yes
ac_cv_env_CCC_set=
ac_cv_env_CCC_value=
ac_cv_env_CC_set=
ac_cv_env_CC_value=
ac_cv_env_CFLAGS_set=
ac_cv_env_CFLAGS_value=
ac_cv_env_CPPFLAGS_set=
ac_cv_env_CPPFLAGS_value=
ac_cv_env_CPP_set=
ac_cv_env_CPP_value=
ac_cv_env_CUNIT_CFLAGS_set=
ac_cv_env_CUNIT_CFLAGS_value=
ac_cv_env_CUNIT_LIBS_set=
ac_cv_env_CUNIT_LIBS_value=
ac_cv_env_CXXCPP_set=
ac_cv_env_CXXCPP_value=
ac_cv_env_CXXFLAGS_set=
ac_cv_env_CXXFLAGS_value=
ac_cv_env_CXX_set=
ac_cv_env_CXX_value=
ac_cv_env_LDFLAGS_set=
ac_cv_env_LDFLAGS_value=
ac_cv_env_LIBS_set=
ac_cv_env_LIBS_value=
ac_cv_env_PKG_CONFIG_LIBDIR_set=
ac_cv_env_PKG_CONFIG_LIBDIR_value=
ac_cv_env_PKG_CONFIG_PATH_set=
ac_cv_env_PKG_CONFIG_PATH_value=
ac_cv_env_PKG_CONFIG_set=
ac_cv_env_PKG_CONFIG_value=
ac_cv_env_TUNNEL_CFLAGS_set=
ac_cv_env_TUNNEL_CFLAGS_value=
ac_cv_env_TUNNEL_LIBS_set=
ac_cv_env_TUNNEL_LIBS_value=
ac_cv_env_build_alias_set=
ac_cv_env_build_alias_value=
ac_cv_env_host_alias_set=set
ac_cv_env_host_alias_value=arm-none-linux-gnueabi
ac_cv_env_target_alias_set=
ac_cv_env_target_alias_value=
ac_cv_have_decl_antlr3StringStreamNew___=yes
ac_cv_have_decl_res_ndestroy___=no
ac_cv_header_CUnit_CUnit_h=no
ac_cv_header_antlr3_h=yes
ac_cv_header_dlfcn_h=yes
ac_cv_header_inttypes_h=yes
ac_cv_header_memory_h=yes
ac_cv_header_polarssl_ssl_h=no
ac_cv_header_stdc=yes
ac_cv_header_stdint_h=yes
ac_cv_header_stdlib_h=yes
ac_cv_header_string_h=yes
ac_cv_header_strings_h=yes
ac_cv_header_sys_stat_h=yes
ac_cv_header_sys_types_h=yes
ac_cv_header_unistd_h=yes
ac_cv_host=arm-none-linux-gnueabi
ac_cv_lib_dl_dlopen=yes
ac_cv_lib_rt_clock_gettime=yes
ac_cv_objext=o
ac_cv_path_ANTLR=/usr/bin/antlr3
ac_cv_path_EGREP='/bin/grep -E'
ac_cv_path_FGREP='/bin/grep -F'
ac_cv_path_GREP=/bin/grep
ac_cv_path_SED=/bin/sed
ac_cv_path_ac_pt_PKG_CONFIG=/usr/bin/pkg-config
ac_cv_path_install='/usr/bin/install -c'
ac_cv_path_mkdir=/bin/mkdir
ac_cv_prog_AR=arm-none-linux-gnueabi-ar
ac_cv_prog_AWK=mawk
ac_cv_prog_CC=arm-none-linux-gnueabi-gcc
ac_cv_prog_CPP='arm-none-linux-gnueabi-gcc -E'
ac_cv_prog_CXX=arm-none-linux-gnueabi-g++
ac_cv_prog_CXXCPP='arm-none-linux-gnueabi-g++ -E'
ac_cv_prog_OBJDUMP=arm-none-linux-gnueabi-objdump
ac_cv_prog_RANLIB=arm-none-linux-gnueabi-ranlib
ac_cv_prog_STRIP=arm-none-linux-gnueabi-strip
ac_cv_prog_ac_ct_MANIFEST_TOOL=mt
ac_cv_prog_cc_arm_none_linux_gnueabi_gcc_c_o=yes
ac_cv_prog_cc_c89=
ac_cv_prog_cc_g=yes
ac_cv_prog_cxx_g=yes
ac_cv_prog_make_make_set=yes
ac_cv_target=arm-none-linux-gnueabi
am_cv_CC_dependencies_compiler_type=gcc3
am_cv_CXX_dependencies_compiler_type=gcc3
am_cv_make_support_nested_variables=yes
lt_cv_ar_at_file=@
lt_cv_archive_cmds_need_lc=no
lt_cv_deplibs_check_method=pass_all
lt_cv_file_magic_cmd='$MAGIC_CMD'
lt_cv_file_magic_test_file=
lt_cv_ld_reload_flag=-r
lt_cv_nm_interface='BSD nm'
lt_cv_objdir=.libs
lt_cv_path_LD=/home/rdp/work/arm-2009q1/arm-none-linux-gnueabi/bin/ld
lt_cv_path_LDCXX=/home/rdp/work/arm-2009q1/arm-none-linux-gnueabi/bin/ld
lt_cv_path_NM='/home/rdp/work/arm-2009q1/bin/arm-none-linux-gnueabi-nm -B'
lt_cv_path_mainfest_tool=no
lt_cv_prog_compiler_c_o=yes
lt_cv_prog_compiler_c_o_CXX=yes
lt_cv_prog_compiler_pic='-fPIC -DPIC'
lt_cv_prog_compiler_pic_CXX='-fPIC -DPIC'
lt_cv_prog_compiler_pic_works=yes
lt_cv_prog_compiler_pic_works_CXX=yes
lt_cv_prog_compiler_rtti_exceptions=no
lt_cv_prog_compiler_static_works=yes
lt_cv_prog_compiler_static_works_CXX=yes
lt_cv_prog_gnu_ld=yes
lt_cv_prog_gnu_ldcxx=yes
lt_cv_sharedlib_from_linklib_cmd='printf %s\n'
lt_cv_shlibpath_overrides_runpath=no
lt_cv_sys_global_symbol_pipe='sed -n -e '\''s/^.*[	 ]\([ABCDGIRSTW][ABCDGIRSTW]*\)[	 ][	 ]*\([_A-Za-z][_A-Za-z0-9]*\)$/\1 \2 \2/p'\'' | sed '\''/ __gnu_lto/d'\'''
lt_cv_sys_global_symbol_to_c_name_address='sed -n -e '\''s/^: \([^ ]*\)[ ]*$/  {\"\1\", (void *) 0},/p'\'' -e '\''s/^[ABCDGIRSTW]* \([^ ]*\) \([^ ]*\)$/  {"\2", (void *) \&\2},/p'\'''
lt_cv_sys_global_symbol_to_c_name_address_lib_prefix='sed -n -e '\''s/^: \([^ ]*\)[ ]*$/  {\"\1\", (void *) 0},/p'\'' -e '\''s/^[ABCDGIRSTW]* \([^ ]*\) \(lib[^ ]*\)$/  {"\2", (void *) \&\2},/p'\'' -e '\''s/^[ABCDGIRSTW]* \([^ ]*\) \([^ ]*\)$/  {"lib\2", (void *) \&\2},/p'\'''
lt_cv_sys_global_symbol_to_cdecl='sed -n -e '\''s/^T .* \(.*\)$/extern int \1();/p'\'' -e '\''s/^[ABCDGIRSTW]* .* \(.*\)$/extern char \1;/p'\'''
lt_cv_sys_max_cmd_len=1572864
lt_cv_to_host_file_cmd=func_convert_file_noop
lt_cv_to_tool_file_cmd=func_convert_file_noop

## ----------------- ##
## Output variables. ##
## ----------------- ##

ACLOCAL='${SHELL} /home/rdp/work/sipvg/sipvg/belle-sip/missing --run aclocal-1.11'
AMDEPBACKSLASH='\'
AMDEP_FALSE='#'
AMDEP_TRUE=''
AMTAR='$${TAR-tar}'
AM_BACKSLASH='\'
AM_DEFAULT_V='$(AM_DEFAULT_VERBOSITY)'
AM_DEFAULT_VERBOSITY='0'
AM_V='$(V)'
ANTLR='/usr/bin/antlr3'
ANTLR_CFLAGS='-I/home/rdp/sipvg/include'
ANTLR_LIBS='-L/home/rdp/sipvg/lib -lantlr3c'
AR='arm-none-linux-gnueabi-ar'
AS='as'
AUTOCONF='${SHELL} /home/rdp/work/sipvg/sipvg/belle-sip/missing --run autoconf'
AUTOHEADER='${SHELL} /home/rdp/work/sipvg/sipvg/belle-sip/missing --run autoheader'
AUTOMAKE='${SHELL} /home/rdp/work/sipvg/sipvg/belle-sip/missing --run automake-1.11'
AWK='mawk'
BUILD_TLS_FALSE=''
BUILD_TLS_TRUE='#'
BUILD_TUNNEL_FALSE=''
BUILD_TUNNEL_TRUE='#'
CC='arm-none-linux-gnueabi-gcc'
CCDEPMODE='depmode=gcc3'
CFLAGS='-g -O2 -fms-extensions -g'
CPP='arm-none-linux-gnueabi-gcc -E'
CPPFLAGS=''
CUNIT_CFLAGS=''
CUNIT_LIBS=''
CXX='arm-none-linux-gnueabi-g++'
CXXCPP='arm-none-linux-gnueabi-g++ -E'
CXXDEPMODE='depmode=gcc3'
CXXFLAGS='-g -O2'
CYGPATH_W='echo'
DEFS='-DHAVE_CONFIG_H'
DEPDIR='.deps'
DLLTOOL='false'
DSYMUTIL=''
DUMPBIN=''
ECHO_C=''
ECHO_N='-n'
ECHO_T=''
EGREP='/bin/grep -E'
ENABLE_TESTS_FALSE=''
ENABLE_TESTS_TRUE='#'
EXEEXT=''
FGREP='/bin/grep -F'
GREP='/bin/grep'
INSTALL_DATA='${INSTALL} -m 644'
INSTALL_PROGRAM='${INSTALL}'
INSTALL_SCRIPT='${INSTALL}'
INSTALL_STRIP_PROGRAM='$(install_sh) -c -s'
JAVA=''
LD='/home/rdp/work/arm-2009q1/arm-none-linux-gnueabi/bin/ld'
LDFLAGS=''
LESS_STRICT_OPTIONS=''
LIBBELLESIP_CFLAGS=''
LIBOBJS=''
LIBS='-ldl -lrt '
LIBTOOL='$(SHELL) $(top_builddir)/libtool'
LIPO=''
LN_S='ln -s'
LTLIBOBJS=''
MAKEINFO='${SHELL} /home/rdp/work/sipvg/sipvg/belle-sip/missing --run makeinfo'
MANIFEST_TOOL=':'
MKDIR_P='/bin/mkdir -p'
NM='/home/rdp/work/arm-2009q1/bin/arm-none-linux-gnueabi-nm -B'
NMEDIT=''
OBJDUMP='arm-none-linux-gnueabi-objdump'
OBJEXT='o'
OTOOL64=''
OTOOL=''
PACKAGE='belle-sip'
PACKAGE_BUGREPORT='jehan.monnier@linphone.org'
PACKAGE_NAME='belle-sip'
PACKAGE_STRING='belle-sip 1.2.4'
PACKAGE_TARNAME='belle-sip'
PACKAGE_URL=''
PACKAGE_VERSION='1.2.4'
PATH_SEPARATOR=':'
PKG_CONFIG='/usr/bin/pkg-config'
PKG_CONFIG_LIBDIR=''
PKG_CONFIG_PATH=''
RANLIB='arm-none-linux-gnueabi-ranlib'
SED='/bin/sed'
SET_MAKE=''
SHELL='/bin/bash'
STRICT_OPTIONS=' -Wall -Wno-unknown-pragmas -Wno-error=unknown-pragmas'
STRIP='arm-none-linux-gnueabi-strip'
TLS_CFLAGS=''
TLS_LIBS=''
TLS_PC=''
TUNNEL_CFLAGS=''
TUNNEL_LIBS=''
VERSION='1.2.4'
ac_ct_AR=''
ac_ct_CC=''
ac_ct_CXX=''
ac_ct_DUMPBIN=''
am__EXEEXT_FALSE=''
am__EXEEXT_TRUE='#'
am__fastdepCC_FALSE='#'
am__fastdepCC_TRUE=''
am__fastdepCXX_FALSE='#'
am__fastdepCXX_TRUE=''
am__include='include'
am__isrc=''
am__leading_dot='.'
am__nodep='_no'
am__quote=''
am__tar='$${TAR-tar} chof - "$$tardir"'
am__untar='$${TAR-tar} xf -'
bindir='${exec_prefix}/bin'
build='x86_64-unknown-linux-gnu'
build_alias=''
build_cpu='x86_64'
build_os='linux-gnu'
build_vendor='unknown'
datadir='${datarootdir}'
datarootdir='${prefix}/share'
docdir='${datarootdir}/doc/${PACKAGE_TARNAME}'
dvidir='${docdir}'
exec_prefix='${prefix}'
host='arm-none-linux-gnueabi'
host_alias='arm-none-linux-gnueabi'
host_cpu='arm'
host_os='linux-gnueabi'
host_vendor='none'
htmldir='${docdir}'
includedir='${prefix}/include'
infodir='${datarootdir}/info'
install_sh='${SHELL} /home/rdp/work/sipvg/sipvg/belle-sip/install-sh'
libdir='${exec_prefix}/lib'
libexecdir='${exec_prefix}/libexec'
localedir='${datarootdir}/locale'
localstatedir='${prefix}/var'
mandir='${datarootdir}/man'
mkdir_p='/bin/mkdir -p'
oldincludedir='/usr/include'
pdfdir='${docdir}'
prefix='/home/rdp/sipvg'
program_transform_name='s,x,x,'
psdir='${docdir}'
sbindir='${exec_prefix}/sbin'
sharedstatedir='${prefix}/com'
sysconfdir='${prefix}/etc'
target='arm-none-linux-gnueabi'
target_alias=''
target_cpu='arm'
target_os='linux-gnueabi'
target_vendor='none'

## ----------- ##
## confdefs.h. ##
## ----------- ##

/* confdefs.h */
#define PACKAGE_NAME "belle-sip"
#define PACKAGE_TARNAME "belle-sip"
#define PACKAGE_VERSION "1.2.4"
#define PACKAGE_STRING "belle-sip 1.2.4"
#define PACKAGE_BUGREPORT "jehan.monnier@linphone.org"
#define PACKAGE_URL ""
#define PACKAGE "belle-sip"
#define VERSION "1.2.4"
#define STDC_HEADERS 1
#define HAVE_SYS_TYPES_H 1
#define HAVE_SYS_STAT_H 1
#define HAVE_STDLIB_H 1
#define HAVE_STRING_H 1
#define HAVE_MEMORY_H 1
#define HAVE_STRINGS_H 1
#define HAVE_INTTYPES_H 1
#define HAVE_STDINT_H 1
#define HAVE_UNISTD_H 1
#define HAVE_DLFCN_H 1
#define LT_OBJDIR ".libs/"
#define HAVE_ANTLR3_H 1
#define HAVE_ANTLR_STRING_STREAM_NEW 1
#define HAVE_LIBRT 1
#define HAVE_LIBDL 1

configure: exit 0
